###############################################################################
#
# IAR ANSI C/C++ Compiler V7.20.1.7305/W32 for ARM        04/Mar/2016  10:02:55
# Copyright 1999-2014 IAR Systems AB.
#
#    Cpu mode     =  thumb
#    Endian       =  little
#    Source file  =  
#        D:\MPG\mpg_source\Git\Razor_Atmel\firmware_mpgl2\drivers\lcd_bitmaps.c
#    Command line =  
#        D:\MPG\mpg_source\Git\Razor_Atmel\firmware_mpgl2\drivers\lcd_bitmaps.c
#        -D MPGL2 -D MPG2 --preprocess=cl
#        D:\MPG\mpg_source\Git\Razor_Atmel\firmware_mpgl2\iar_7_20_1\Debug\List\
#        -lC
#        D:\MPG\mpg_source\Git\Razor_Atmel\firmware_mpgl2\iar_7_20_1\Debug\List\
#        -o
#        D:\MPG\mpg_source\Git\Razor_Atmel\firmware_mpgl2\iar_7_20_1\Debug\Obj\
#        --no_cse --no_unroll --no_inline --no_code_motion --no_tbaa
#        --no_clustering --no_scheduling --debug --endian=little
#        --cpu=Cortex-M3 -e --fpu=None --dlib_config "C:\Program Files\IAR
#        Systems\EWARM_7_20_1\arm\INC\c\DLib_Config_Normal.h" -I
#        D:\MPG\mpg_source\Git\Razor_Atmel\firmware_mpgl2\iar_7_20_1\ -I
#        D:\MPG\mpg_source\Git\Razor_Atmel\firmware_mpgl2\iar_7_20_1\..\bsp\ -I
#        D:\MPG\mpg_source\Git\Razor_Atmel\firmware_mpgl2\iar_7_20_1\..\drivers\
#        -I
#        D:\MPG\mpg_source\Git\Razor_Atmel\firmware_mpgl2\iar_7_20_1\..\application\
#        -I
#        D:\MPG\mpg_source\Git\Razor_Atmel\firmware_mpgl2\iar_7_20_1\..\libraries\captouch\
#        -I
#        D:\MPG\mpg_source\Git\Razor_Atmel\firmware_mpgl2\iar_7_20_1\..\..\firmware_mpg_common\
#        -I
#        D:\MPG\mpg_source\Git\Razor_Atmel\firmware_mpgl2\iar_7_20_1\..\..\firmware_mpg_common\application\
#        -I
#        D:\MPG\mpg_source\Git\Razor_Atmel\firmware_mpgl2\iar_7_20_1\..\..\firmware_mpg_common\cmsis\
#        -I
#        D:\MPG\mpg_source\Git\Razor_Atmel\firmware_mpgl2\iar_7_20_1\..\..\firmware_mpg_common\drivers\
#        -On --use_c++_inline --require_prototypes -I "C:\Program Files\IAR
#        Systems\EWARM_7_20_1\arm\CMSIS\Include\"
#    List file    =  
#        D:\MPG\mpg_source\Git\Razor_Atmel\firmware_mpgl2\iar_7_20_1\Debug\List\lcd_bitmaps.lst
#    Object file  =  
#        D:\MPG\mpg_source\Git\Razor_Atmel\firmware_mpgl2\iar_7_20_1\Debug\Obj\lcd_bitmaps.o
#
###############################################################################

D:\MPG\mpg_source\Git\Razor_Atmel\firmware_mpgl2\drivers\lcd_bitmaps.c
      1          /*******************************************************************************
      2          * File: lcd_bitmaps.c                                                                
      3          * Description:
      4          * Bitmap data for dot matrix LCD
      5          *******************************************************************************/
      6          
      7          #include "configuration.h"
      8          
      9          /*******************************************************************************
     10          * Bookmarks
     11          ********************************************************************************
     12          $$$$$  Small Font Character Bitmaps
     13          %%%%%  Big Font Character Bitmaps
     14          ^^^^^ Image Bitmaps
     15          *******************************************************************************/
     16          /* All bitmap data is generated using the LCD Worksheet NHD-C12864LZ.xlsm tool.  Data is simply
     17          copied and pasted into this file, though manual definitions can be written if desired. 
     18          For any file that uses the bitmaps defined here, the array name must be brought in
     19          to the source file with "extern" (you cannot simply include this header file).  */
     20          
     21          
     22          /*******************************************************************************
     23          * Small Font Character Bitmaps                                             $$$$$
     24          *******************************************************************************/
     25          
     26          /* Small fonts are indexed by their ASCII values */

   \                                 In section .rodata, align 4
     27          const u8 G_aau8SmallFonts[][LCD_SMALL_FONT_ROWS][LCD_SMALL_FONT_COLUMN_BYTES] = 
   \                     G_aau8SmallFonts:
   \   00000000   0x00 0x00          DC8 0, 0, 0, 0, 0, 0, 0, 4, 4, 4, 4, 0, 0, 4, 10, 10, 10, 0, 0, 0, 0
   \              0x00 0x00    
   \              0x00 0x00    
   \              0x00 0x04    
   \              0x04 0x04    
   \              0x04 0x00    
   \              0x00 0x04    
   \              0x0A 0x0A    
   \              0x0A 0x00    
   \              0x00 0x00    
   \              0x00         
   \   00000015   0x0A 0x0A          DC8 10, 10, 31, 10, 31, 10, 10, 4, 30, 5, 14, 20, 15, 4, 3, 19, 8, 4, 2
   \              0x1F 0x0A    
   \              0x1F 0x0A    
   \              0x0A 0x04    
   \              0x1E 0x05    
   \              0x0E 0x14    
   \              0x0F 0x04    
   \              0x03 0x13    
   \              0x08 0x04    
   \              0x02         
   \   00000028   0x19 0x18          DC8 25, 24, 6, 9, 5, 2, 5, 9, 22, 6, 4, 2, 0, 0, 0, 0, 8, 4, 2, 2, 2, 4
   \              0x06 0x09    
   \              0x05 0x02    
   \              0x05 0x09    
   \              0x16 0x06    
   \              0x04 0x02    
   \              0x00 0x00    
   \              0x00 0x00    
   \              0x08 0x04    
   \              0x02 0x02    
   \              0x02 0x04    
   \   0000003E   0x08 0x02          DC8 8, 2, 4, 8, 8, 8, 4, 2, 0, 4, 21, 14, 21, 4, 0, 0, 4, 4, 31, 4, 4
   \              0x04 0x08    
   \              0x08 0x08    
   \              0x04 0x02    
   \              0x00 0x04    
   \              0x15 0x0E    
   \              0x15 0x04    
   \              0x00 0x00    
   \              0x04 0x04    
   \              0x1F 0x04    
   \              0x04         
   \   00000053   0x00 0x00          DC8 0, 0, 0, 0, 0, 6, 4, 2, 0, 0, 0, 31, 0, 0, 0, 0, 0, 0, 0, 0, 6, 6
   \              0x00 0x00    
   \              0x00 0x06    
   \              0x04 0x02    
   \              0x00 0x00    
   \              0x00 0x1F    
   \              0x00 0x00    
   \              0x00 0x00    
   \              0x00 0x00    
   \              0x00 0x00    
   \              0x06 0x06    
   \   00000069   0x00 0x10          DC8 0, 16, 8, 4, 2, 1, 0, 14, 17, 25, 21, 19, 17, 14, 4, 6, 4, 4, 4, 4
   \              0x08 0x04    
   \              0x02 0x01    
   \              0x00 0x0E    
   \              0x11 0x19    
   \              0x15 0x13    
   \              0x11 0x0E    
   \              0x04 0x06    
   \              0x04 0x04    
   \              0x04 0x04    
   \   0000007D   0x0E 0x0E          DC8 14, 14, 17, 16, 8, 4, 2, 31, 31, 8, 4, 8, 16, 17, 14, 8, 12, 10, 9
   \              0x11 0x10    
   \              0x08 0x04    
   \              0x02 0x1F    
   \              0x1F 0x08    
   \              0x04 0x08    
   \              0x10 0x11    
   \              0x0E 0x08    
   \              0x0C 0x0A    
   \              0x09         
   \   00000090   0x1F 0x08          DC8 31, 8, 8, 31, 1, 15, 16, 16, 17, 14, 12, 2, 1, 15, 17, 17, 14, 31
   \              0x08 0x1F    
   \              0x01 0x0F    
   \              0x10 0x10    
   \              0x11 0x0E    
   \              0x0C 0x02    
   \              0x01 0x0F    
   \              0x11 0x11    
   \              0x0E 0x1F    
   \   000000A2   0x10 0x08          DC8 16, 8, 4, 2, 2, 2, 14, 17, 17, 14, 17, 17, 14, 14, 17, 17, 30, 16
   \              0x04 0x02    
   \              0x02 0x02    
   \              0x0E 0x11    
   \              0x11 0x0E    
   \              0x11 0x11    
   \              0x0E 0x0E    
   \              0x11 0x11    
   \              0x1E 0x10    
   \   000000B4   0x08 0x06          DC8 8, 6, 0, 6, 6, 0, 6, 6, 0, 0, 6, 6, 0, 6, 4, 2, 8, 4, 2, 1, 2, 4, 8
   \              0x00 0x06    
   \              0x06 0x00    
   \              0x06 0x06    
   \              0x00 0x00    
   \              0x06 0x06    
   \              0x00 0x06    
   \              0x04 0x02    
   \              0x08 0x04    
   \              0x02 0x01    
   \              0x02 0x04    
   \              0x08         
   \   000000CB   0x00 0x00          DC8 0, 0, 31, 0, 31, 0, 0, 2, 4, 8, 16, 8, 4, 2, 14, 17, 16, 8, 4, 0, 4
   \              0x1F 0x00    
   \              0x1F 0x00    
   \              0x00 0x02    
   \              0x04 0x08    
   \              0x10 0x08    
   \              0x04 0x02    
   \              0x0E 0x11    
   \              0x10 0x08    
   \              0x04 0x00    
   \              0x04         
   \   000000E0   0x0E 0x11          DC8 14, 17, 16, 22, 21, 21, 14, 14, 17, 17, 31, 17, 17, 17, 15, 17, 17
   \              0x10 0x16    
   \              0x15 0x15    
   \              0x0E 0x0E    
   \              0x11 0x11    
   \              0x1F 0x11    
   \              0x11 0x11    
   \              0x0F 0x11    
   \              0x11         
   \   000000F1   0x0F 0x11          DC8 15, 17, 17, 15, 14, 17, 1, 1, 1, 17, 14, 7, 9, 17, 17, 17, 9, 7, 31
   \              0x11 0x0F    
   \              0x0E 0x11    
   \              0x01 0x01    
   \              0x01 0x11    
   \              0x0E 0x07    
   \              0x09 0x11    
   \              0x11 0x11    
   \              0x09 0x07    
   \              0x1F         
   \   00000104   0x01 0x01          DC8 1, 1, 15, 1, 1, 31, 31, 1, 1, 15, 1, 1, 1, 14, 17, 1, 29, 17, 17
   \              0x0F 0x01    
   \              0x01 0x1F    
   \              0x1F 0x01    
   \              0x01 0x0F    
   \              0x01 0x01    
   \              0x01 0x0E    
   \              0x11 0x01    
   \              0x1D 0x11    
   \              0x11         
   \   00000117   0x0E 0x11          DC8 14, 17, 17, 17, 31, 17, 17, 17, 14, 4, 4, 4, 4, 4, 14, 28, 8, 8, 8
   \              0x11 0x11    
   \              0x1F 0x11    
   \              0x11 0x11    
   \              0x0E 0x04    
   \              0x04 0x04    
   \              0x04 0x04    
   \              0x0E 0x1C    
   \              0x08 0x08    
   \              0x08         
   \   0000012A   0x08 0x09          DC8 8, 9, 6, 17, 9, 5, 3, 5, 9, 17, 1, 1, 1, 1, 1, 1, 31, 17, 27, 21
   \              0x06 0x11    
   \              0x09 0x05    
   \              0x03 0x05    
   \              0x09 0x11    
   \              0x01 0x01    
   \              0x01 0x01    
   \              0x01 0x01    
   \              0x1F 0x11    
   \              0x1B 0x15    
   \   0000013E   0x15 0x11          DC8 21, 17, 17, 17, 17, 17, 19, 21, 25, 17, 17, 14, 17, 17, 17, 17, 17
   \              0x11 0x11    
   \              0x11 0x11    
   \              0x13 0x15    
   \              0x19 0x11    
   \              0x11 0x0E    
   \              0x11 0x11    
   \              0x11 0x11    
   \              0x11         
   \   0000014F   0x0E 0x0F          DC8 14, 15, 17, 17, 15, 1, 1, 1, 14, 17, 17, 17, 21, 9, 22, 15, 17, 17
   \              0x11 0x11    
   \              0x0F 0x01    
   \              0x01 0x01    
   \              0x0E 0x11    
   \              0x11 0x11    
   \              0x15 0x09    
   \              0x16 0x0F    
   \              0x11 0x11    
   \   00000161   0x0F 0x05          DC8 15, 5, 9, 17, 30, 1, 1, 14, 16, 16, 15, 31, 4, 4, 4, 4, 4, 4, 17
   \              0x09 0x11    
   \              0x1E 0x01    
   \              0x01 0x0E    
   \              0x10 0x10    
   \              0x0F 0x1F    
   \              0x04 0x04    
   \              0x04 0x04    
   \              0x04 0x04    
   \              0x11         
   \   00000174   0x11 0x11          DC8 17, 17, 17, 17, 17, 14, 17, 17, 17, 17, 17, 10, 4, 17, 17, 17, 17
   \              0x11 0x11    
   \              0x11 0x0E    
   \              0x11 0x11    
   \              0x11 0x11    
   \              0x11 0x0A    
   \              0x04 0x11    
   \              0x11 0x11    
   \              0x11         
   \   00000185   0x15 0x15          DC8 21, 21, 14, 17, 17, 10, 4, 10, 17, 17, 17, 17, 17, 10, 4, 4, 4, 31
   \              0x0E 0x11    
   \              0x11 0x0A    
   \              0x04 0x0A    
   \              0x11 0x11    
   \              0x11 0x11    
   \              0x11 0x0A    
   \              0x04 0x04    
   \              0x04 0x1F    
   \   00000197   0x10 0x08          DC8 16, 8, 4, 2, 1, 31, 14, 2, 2, 2, 2, 2, 14, 0, 1, 2, 4, 8, 16, 0, 14
   \              0x04 0x02    
   \              0x01 0x1F    
   \              0x0E 0x02    
   \              0x02 0x02    
   \              0x02 0x02    
   \              0x0E 0x00    
   \              0x01 0x02    
   \              0x04 0x08    
   \              0x10 0x00    
   \              0x0E         
   \   000001AC   0x08 0x08          DC8 8, 8, 8, 8, 8, 14, 4, 10, 17, 0, 0, 0, 0, 0, 0, 0, 0, 0, 0, 31, 2
   \              0x08 0x08    
   \              0x08 0x0E    
   \              0x04 0x0A    
   \              0x11 0x00    
   \              0x00 0x00    
   \              0x00 0x00    
   \              0x00 0x00    
   \              0x00 0x00    
   \              0x00 0x1F    
   \              0x02         
   \   000001C1   0x04 0x08          DC8 4, 8, 0, 0, 0, 0, 0, 0, 14, 16, 30, 17, 30, 1, 1, 15, 17, 17, 17
   \              0x00 0x00    
   \              0x00 0x00    
   \              0x00 0x00    
   \              0x0E 0x10    
   \              0x1E 0x11    
   \              0x1E 0x01    
   \              0x01 0x0F    
   \              0x11 0x11    
   \              0x11         
   \   000001D4   0x0F 0x00          DC8 15, 0, 0, 14, 1, 1, 17, 14, 16, 16, 22, 25, 17, 17, 30, 0, 0, 14
   \              0x00 0x0E    
   \              0x01 0x01    
   \              0x11 0x0E    
   \              0x10 0x10    
   \              0x16 0x19    
   \              0x11 0x11    
   \              0x1E 0x00    
   \              0x00 0x0E    
   \   000001E6   0x11 0x1F          DC8 17, 31, 1, 14, 12, 18, 2, 7, 2, 2, 2, 0, 30, 17, 17, 30, 16, 14, 1
   \              0x01 0x0E    
   \              0x0C 0x12    
   \              0x02 0x07    
   \              0x02 0x02    
   \              0x02 0x00    
   \              0x1E 0x11    
   \              0x11 0x1E    
   \              0x10 0x0E    
   \              0x01         
   \   000001F9   0x01 0x0D          DC8 1, 13, 19, 17, 17, 17, 4, 0, 6, 4, 4, 4, 14, 8, 0, 12, 8, 8, 9, 6
   \              0x13 0x11    
   \              0x11 0x11    
   \              0x04 0x00    
   \              0x06 0x04    
   \              0x04 0x04    
   \              0x0E 0x08    
   \              0x00 0x0C    
   \              0x08 0x08    
   \              0x09 0x06    
   \   0000020D   0x01 0x01          DC8 1, 1, 9, 5, 3, 5, 9, 6, 4, 4, 4, 4, 4, 14, 0, 0, 11, 21, 21, 17, 17
   \              0x09 0x05    
   \              0x03 0x05    
   \              0x09 0x06    
   \              0x04 0x04    
   \              0x04 0x04    
   \              0x04 0x0E    
   \              0x00 0x00    
   \              0x0B 0x15    
   \              0x15 0x11    
   \              0x11         
   \   00000222   0x00 0x00          DC8 0, 0, 13, 19, 17, 17, 17, 0, 0, 14, 17, 17, 17, 14, 0, 0, 15, 17
   \              0x0D 0x13    
   \              0x11 0x11    
   \              0x11 0x00    
   \              0x00 0x0E    
   \              0x11 0x11    
   \              0x11 0x0E    
   \              0x00 0x00    
   \              0x0F 0x11    
   \   00000234   0x0F 0x01          DC8 15, 1, 1, 0, 0, 22, 25, 30, 16, 16, 0, 0, 13, 19, 1, 1, 1, 0, 0, 14
   \              0x01 0x00    
   \              0x00 0x16    
   \              0x19 0x1E    
   \              0x10 0x10    
   \              0x00 0x00    
   \              0x0D 0x13    
   \              0x01 0x01    
   \              0x01 0x00    
   \              0x00 0x0E    
   \   00000248   0x01 0x0E          DC8 1, 14, 16, 15, 2, 2, 7, 2, 2, 18, 12, 0, 0, 17, 17, 17, 25, 22, 0
   \              0x10 0x0F    
   \              0x02 0x02    
   \              0x07 0x02    
   \              0x02 0x12    
   \              0x0C 0x00    
   \              0x00 0x11    
   \              0x11 0x11    
   \              0x19 0x16    
   \              0x00         
   \   0000025B   0x00 0x11          DC8 0, 17, 17, 17, 10, 4, 0, 0, 17, 17, 17, 21, 10, 0, 0, 17, 10, 4, 10
   \              0x11 0x11    
   \              0x0A 0x04    
   \              0x00 0x00    
   \              0x11 0x11    
   \              0x11 0x15    
   \              0x0A 0x00    
   \              0x00 0x11    
   \              0x0A 0x04    
   \              0x0A         
   \   0000026E   0x11 0x00          DC8 17, 0, 0, 17, 17, 30, 16, 14, 0, 0, 31, 8, 4, 2, 31, 8, 4, 4, 2, 4
   \              0x00 0x11    
   \              0x11 0x1E    
   \              0x10 0x0E    
   \              0x00 0x00    
   \              0x1F 0x08    
   \              0x04 0x02    
   \              0x1F 0x08    
   \              0x04 0x04    
   \              0x02 0x04    
   \   00000282   0x04 0x08          DC8 4, 8, 4, 4, 4, 4, 4, 4, 4, 2, 4, 4, 8, 4, 4, 2, 18, 21, 9, 0, 0, 0
   \              0x04 0x04    
   \              0x04 0x04    
   \              0x04 0x04    
   \              0x04 0x02    
   \              0x04 0x04    
   \              0x08 0x04    
   \              0x04 0x02    
   \              0x12 0x15    
   \              0x09 0x00    
   \              0x00 0x00    
   \   00000298   0x00 0x1F          DC8 0, 31, 31, 31, 31, 31, 31, 31
   \              0x1F 0x1F    
   \              0x1F 0x1F    
   \              0x1F 0x1F    
     28          {
     29          { /* SmallFontSpace */
     30           {0x00},
     31           {0x00},
     32           {0x00},
     33           {0x00},
     34           {0x00},
     35           {0x00},
     36           {0x00},
     37          },
     38          
     39          
     40          { /* SmallFontExclamation */
     41           {0x04},
     42           {0x04},
     43           {0x04},
     44           {0x04},
     45           {0x00},
     46           {0x00},
     47           {0x04},
     48          },
     49          
     50          
     51          { /* SmallFontQuote */
     52           {0x0A},
     53           {0x0A},
     54           {0x0A},
     55           {0x00},
     56           {0x00},
     57           {0x00},
     58           {0x00},
     59          },
     60          
     61          
     62          { /* SmallFontPound */
     63           {0x0A},
     64           {0x0A},
     65           {0x1F},
     66           {0x0A},
     67           {0x1F},
     68           {0x0A},
     69           {0x0A},
     70          },
     71          
     72          
     73          { /* SmallFontDollar */
     74           {0x04},
     75           {0x1E},
     76           {0x05},
     77           {0x0E},
     78           {0x14},
     79           {0x0F},
     80           {0x04},
     81          },
     82          
     83          
     84          { /* SmallFontPercent */
     85           {0x03},
     86           {0x13},
     87           {0x08},
     88           {0x04},
     89           {0x02},
     90           {0x19},
     91           {0x18},
     92          },
     93          
     94          
     95          { /* SmallFontAmpersand */
     96           {0x06},
     97           {0x09},
     98           {0x05},
     99           {0x02},
    100           {0x05},
    101           {0x09},
    102           {0x16},
    103          },
    104          
    105          
    106          { /* SmallFontApostrophe */
    107           {0x06},
    108           {0x04},
    109           {0x02},
    110           {0x00},
    111           {0x00},
    112           {0x00},
    113           {0x00},
    114          },
    115          
    116          
    117          { /* SmallFontLeftbracket */
    118           {0x08},
    119           {0x04},
    120           {0x02},
    121           {0x02},
    122           {0x02},
    123           {0x04},
    124           {0x08},
    125          },
    126          
    127          
    128          { /* SmallFontRightbracket */
    129           {0x02},
    130           {0x04},
    131           {0x08},
    132           {0x08},
    133           {0x08},
    134           {0x04},
    135           {0x02},
    136          },
    137          
    138          
    139          { /* SmallFontStar */
    140           {0x00},
    141           {0x04},
    142           {0x15},
    143           {0x0E},
    144           {0x15},
    145           {0x04},
    146           {0x00},
    147          },
    148          
    149          
    150          { /* SmallFontPlus */
    151           {0x00},
    152           {0x04},
    153           {0x04},
    154           {0x1F},
    155           {0x04},
    156           {0x04},
    157           {0x00},
    158          },
    159          
    160          
    161          { /* SmallFontComma */
    162           {0x00},
    163           {0x00},
    164           {0x00},
    165           {0x00},
    166           {0x06},
    167           {0x04},
    168           {0x02},
    169          },
    170          
    171          
    172          { /* SmallFontMinus */
    173           {0x00},
    174           {0x00},
    175           {0x00},
    176           {0x1F},
    177           {0x00},
    178           {0x00},
    179           {0x00},
    180          },
    181          
    182          
    183          { /* SmallFontPeriod */
    184           {0x00},
    185           {0x00},
    186           {0x00},
    187           {0x00},
    188           {0x00},
    189           {0x06},
    190           {0x06},
    191          },
    192          
    193          
    194          { /* SmallFontForwardslash */
    195           {0x00},
    196           {0x10},
    197           {0x08},
    198           {0x04},
    199           {0x02},
    200           {0x01},
    201           {0x00},
    202          },
    203          
    204          
    205          { /* SmallFont0 */
    206           {0x0E},
    207           {0x11},
    208           {0x19},
    209           {0x15},
    210           {0x13},
    211           {0x11},
    212           {0x0E},
    213          },
    214          
    215          
    216          { /* SmallFont1 */
    217           {0x04},
    218           {0x06},
    219           {0x04},
    220           {0x04},
    221           {0x04},
    222           {0x04},
    223           {0x0E},
    224          },
    225          
    226          
    227          { /* SmallFont2 */
    228           {0x0E},
    229           {0x11},
    230           {0x10},
    231           {0x08},
    232           {0x04},
    233           {0x02},
    234           {0x1F},
    235          },
    236          
    237          
    238          { /* SmallFont3 */
    239           {0x1F},
    240           {0x08},
    241           {0x04},
    242           {0x08},
    243           {0x10},
    244           {0x11},
    245           {0x0E},
    246          },
    247          
    248          
    249          { /* SmallFont4 */
    250           {0x08},
    251           {0x0C},
    252           {0x0A},
    253           {0x09},
    254           {0x1F},
    255           {0x08},
    256           {0x08},
    257          },
    258          
    259          
    260          { /* SmallFont5 */
    261           {0x1F},
    262           {0x01},
    263           {0x0F},
    264           {0x10},
    265           {0x10},
    266           {0x11},
    267           {0x0E},
    268          },
    269          
    270          
    271          { /* SmallFont6 */
    272           {0x0C},
    273           {0x02},
    274           {0x01},
    275           {0x0F},
    276           {0x11},
    277           {0x11},
    278           {0x0E},
    279          },
    280          
    281          
    282          { /* SmallFont7 */
    283           {0x1F},
    284           {0x10},
    285           {0x08},
    286           {0x04},
    287           {0x02},
    288           {0x02},
    289           {0x02},
    290          },
    291          
    292          
    293          { /* SmallFont8 */
    294           {0x0E},
    295           {0x11},
    296           {0x11},
    297           {0x0E},
    298           {0x11},
    299           {0x11},
    300           {0x0E},
    301          },
    302          
    303          
    304          { /* SmallFont9 */
    305           {0x0E},
    306           {0x11},
    307           {0x11},
    308           {0x1E},
    309           {0x10},
    310           {0x08},
    311           {0x06},
    312          },
    313          
    314          
    315          { /* SmallFontColon */
    316           {0x00},
    317           {0x06},
    318           {0x06},
    319           {0x00},
    320           {0x06},
    321           {0x06},
    322           {0x00},
    323          },
    324          
    325          
    326          { /* SmallFontSemicolon */
    327           {0x00},
    328           {0x06},
    329           {0x06},
    330           {0x00},
    331           {0x06},
    332           {0x04},
    333           {0x02},
    334          },
    335          
    336          
    337          { /* SmallFontLessthan */
    338           {0x08},
    339           {0x04},
    340           {0x02},
    341           {0x01},
    342           {0x02},
    343           {0x04},
    344           {0x08},
    345          },
    346          
    347          
    348          { /* SmallFontEqual */
    349           {0x00},
    350           {0x00},
    351           {0x1F},
    352           {0x00},
    353           {0x1F},
    354           {0x00},
    355           {0x00},
    356          },
    357          
    358          
    359          { /* SmallFontGreaterthan */
    360           {0x02},
    361           {0x04},
    362           {0x08},
    363           {0x10},
    364           {0x08},
    365           {0x04},
    366           {0x02},
    367          },
    368          
    369          
    370          { /* SmallFontQuestion */
    371           {0x0E},
    372           {0x11},
    373           {0x10},
    374           {0x08},
    375           {0x04},
    376           {0x00},
    377           {0x04},
    378          },
    379          
    380          
    381          { /* SmallFontAt */
    382           {0x0E},
    383           {0x11},
    384           {0x10},
    385           {0x16},
    386           {0x15},
    387           {0x15},
    388           {0x0E},
    389          },
    390          
    391          
    392          { /* SmallFontA */
    393           {0x0E},
    394           {0x11},
    395           {0x11},
    396           {0x1F},
    397           {0x11},
    398           {0x11},
    399           {0x11},
    400          },
    401          
    402          
    403          { /* SmallFontB */
    404           {0x0F},
    405           {0x11},
    406           {0x11},
    407           {0x0F},
    408           {0x11},
    409           {0x11},
    410           {0x0F},
    411          },
    412          
    413          
    414          { /* SmallFontC */
    415           {0x0E},
    416           {0x11},
    417           {0x01},
    418           {0x01},
    419           {0x01},
    420           {0x11},
    421           {0x0E},
    422          },
    423          
    424          
    425          { /* SmallFontD */
    426           {0x07},
    427           {0x09},
    428           {0x11},
    429           {0x11},
    430           {0x11},
    431           {0x09},
    432           {0x07},
    433          },
    434          
    435          
    436          { /* SmallFontE */
    437           {0x1F},
    438           {0x01},
    439           {0x01},
    440           {0x0F},
    441           {0x01},
    442           {0x01},
    443           {0x1F},
    444          },
    445          
    446          
    447          { /* SmallFontF */
    448           {0x1F},
    449           {0x01},
    450           {0x01},
    451           {0x0F},
    452           {0x01},
    453           {0x01},
    454           {0x01},
    455          },
    456          
    457          
    458          { /* SmallFontG */
    459           {0x0E},
    460           {0x11},
    461           {0x01},
    462           {0x1D},
    463           {0x11},
    464           {0x11},
    465           {0x0E},
    466          },
    467          
    468          
    469          { /* SmallFontH */
    470           {0x11},
    471           {0x11},
    472           {0x11},
    473           {0x1F},
    474           {0x11},
    475           {0x11},
    476           {0x11},
    477          },
    478          
    479          
    480          { /* SmallFontI */
    481           {0x0E},
    482           {0x04},
    483           {0x04},
    484           {0x04},
    485           {0x04},
    486           {0x04},
    487           {0x0E},
    488          },
    489          
    490          
    491          { /* SmallFontJ */
    492           {0x1C},
    493           {0x08},
    494           {0x08},
    495           {0x08},
    496           {0x08},
    497           {0x09},
    498           {0x06},
    499          },
    500          
    501          
    502          { /* SmallFontK */
    503           {0x11},
    504           {0x09},
    505           {0x05},
    506           {0x03},
    507           {0x05},
    508           {0x09},
    509           {0x11},
    510          },
    511          
    512          
    513          { /* SmallFontL */
    514           {0x01},
    515           {0x01},
    516           {0x01},
    517           {0x01},
    518           {0x01},
    519           {0x01},
    520           {0x1F},
    521          },
    522          
    523          
    524          { /* SmallFontM */
    525           {0x11},
    526           {0x1B},
    527           {0x15},
    528           {0x15},
    529           {0x11},
    530           {0x11},
    531           {0x11},
    532          },
    533          
    534          
    535          { /* SmallFontN */
    536           {0x11},
    537           {0x11},
    538           {0x13},
    539           {0x15},
    540           {0x19},
    541           {0x11},
    542           {0x11},
    543          },
    544          
    545          
    546          { /* SmallFontO */
    547           {0x0E},
    548           {0x11},
    549           {0x11},
    550           {0x11},
    551           {0x11},
    552           {0x11},
    553           {0x0E},
    554          },
    555          
    556          
    557          { /* SmallFontP */
    558           {0x0F},
    559           {0x11},
    560           {0x11},
    561           {0x0F},
    562           {0x01},
    563           {0x01},
    564           {0x01},
    565          },
    566          
    567          
    568          { /* SmallFontQ */
    569           {0x0E},
    570           {0x11},
    571           {0x11},
    572           {0x11},
    573           {0x15},
    574           {0x09},
    575           {0x16},
    576          },
    577          
    578          
    579          { /* SmallFontR */
    580           {0x0F},
    581           {0x11},
    582           {0x11},
    583           {0x0F},
    584           {0x05},
    585           {0x09},
    586           {0x11},
    587          },
    588          
    589          
    590          { /* SmallFontS */
    591           {0x1E},
    592           {0x01},
    593           {0x01},
    594           {0x0E},
    595           {0x10},
    596           {0x10},
    597           {0x0F},
    598          },
    599          
    600          
    601          { /* SmallFontT */
    602           {0x1F},
    603           {0x04},
    604           {0x04},
    605           {0x04},
    606           {0x04},
    607           {0x04},
    608           {0x04},
    609          },
    610          
    611          
    612          { /* SmallFontU */
    613           {0x11},
    614           {0x11},
    615           {0x11},
    616           {0x11},
    617           {0x11},
    618           {0x11},
    619           {0x0E},
    620          },
    621          
    622          
    623          { /* SmallFontV */
    624           {0x11},
    625           {0x11},
    626           {0x11},
    627           {0x11},
    628           {0x11},
    629           {0x0A},
    630           {0x04},
    631          },
    632          
    633          
    634          { /* SmallFontW */
    635           {0x11},
    636           {0x11},
    637           {0x11},
    638           {0x11},
    639           {0x15},
    640           {0x15},
    641           {0x0E},
    642          },
    643          
    644          
    645          { /* SmallFontX */
    646           {0x11},
    647           {0x11},
    648           {0x0A},
    649           {0x04},
    650           {0x0A},
    651           {0x11},
    652           {0x11},
    653          },
    654          
    655          
    656          { /* SmallFontY */
    657           {0x11},
    658           {0x11},
    659           {0x11},
    660           {0x0A},
    661           {0x04},
    662           {0x04},
    663           {0x04},
    664          },
    665          
    666          
    667          { /* SmallFontZ */
    668           {0x1F},
    669           {0x10},
    670           {0x08},
    671           {0x04},
    672           {0x02},
    673           {0x01},
    674           {0x1F},
    675          },
    676          
    677          
    678          { /* SmallFontLeftsquarebracket */
    679           {0x0E},
    680           {0x02},
    681           {0x02},
    682           {0x02},
    683           {0x02},
    684           {0x02},
    685           {0x0E},
    686          },
    687          
    688          
    689          { /* SmallFontBackslash */
    690           {0x00},
    691           {0x01},
    692           {0x02},
    693           {0x04},
    694           {0x08},
    695           {0x10},
    696           {0x00},
    697          },
    698          
    699          
    700          { /* SmallFontRightsquarebracket */
    701           {0x0E},
    702           {0x08},
    703           {0x08},
    704           {0x08},
    705           {0x08},
    706           {0x08},
    707           {0x0E},
    708          },
    709          
    710          
    711          { /* SmallFontCarat */
    712           {0x04},
    713           {0x0A},
    714           {0x11},
    715           {0x00},
    716           {0x00},
    717           {0x00},
    718           {0x00},
    719          },
    720          
    721          
    722          { /* SmallFontUnderscore */
    723           {0x00},
    724           {0x00},
    725           {0x00},
    726           {0x00},
    727           {0x00},
    728           {0x00},
    729           {0x1F},
    730          },
    731          
    732          
    733          { /* SmallFontBlip */
    734           {0x02},
    735           {0x04},
    736           {0x08},
    737           {0x00},
    738           {0x00},
    739           {0x00},
    740           {0x00},
    741          },
    742          
    743          
    744          { /* SmallFonta */
    745           {0x00},
    746           {0x00},
    747           {0x0E},
    748           {0x10},
    749           {0x1E},
    750           {0x11},
    751           {0x1E},
    752          },
    753          
    754          
    755          { /* SmallFontb */
    756           {0x01},
    757           {0x01},
    758           {0x0F},
    759           {0x11},
    760           {0x11},
    761           {0x11},
    762           {0x0F},
    763          },
    764          
    765          
    766          { /* SmallFontc */
    767           {0x00},
    768           {0x00},
    769           {0x0E},
    770           {0x01},
    771           {0x01},
    772           {0x11},
    773           {0x0E},
    774          },
    775          
    776          
    777          { /* SmallFontd */
    778           {0x10},
    779           {0x10},
    780           {0x16},
    781           {0x19},
    782           {0x11},
    783           {0x11},
    784           {0x1E},
    785          },
    786          
    787          
    788          { /* SmallFonte */
    789           {0x00},
    790           {0x00},
    791           {0x0E},
    792           {0x11},
    793           {0x1F},
    794           {0x01},
    795           {0x0E},
    796          },
    797          
    798          
    799          { /* SmallFontf */
    800           {0x0C},
    801           {0x12},
    802           {0x02},
    803           {0x07},
    804           {0x02},
    805           {0x02},
    806           {0x02},
    807          },
    808          
    809          
    810          { /* SmallFontg */
    811           {0x00},
    812           {0x1E},
    813           {0x11},
    814           {0x11},
    815           {0x1E},
    816           {0x10},
    817           {0x0E},
    818          },
    819          
    820          
    821          { /* SmallFonth */
    822           {0x01},
    823           {0x01},
    824           {0x0D},
    825           {0x13},
    826           {0x11},
    827           {0x11},
    828           {0x11},
    829          },
    830          
    831          
    832          { /* SmallFonti */
    833           {0x04},
    834           {0x00},
    835           {0x06},
    836           {0x04},
    837           {0x04},
    838           {0x04},
    839           {0x0E},
    840          },
    841          
    842          
    843          { /* SmallFontj */
    844           {0x08},
    845           {0x00},
    846           {0x0C},
    847           {0x08},
    848           {0x08},
    849           {0x09},
    850           {0x06},
    851          },
    852          
    853          
    854          { /* SmallFontk */
    855           {0x01},
    856           {0x01},
    857           {0x09},
    858           {0x05},
    859           {0x03},
    860           {0x05},
    861           {0x09},
    862          },
    863          
    864          
    865          { /* SmallFontl */
    866           {0x06},
    867           {0x04},
    868           {0x04},
    869           {0x04},
    870           {0x04},
    871           {0x04},
    872           {0x0E},
    873          },
    874          
    875          
    876          { /* SmallFontm */
    877           {0x00},
    878           {0x00},
    879           {0x0B},
    880           {0x15},
    881           {0x15},
    882           {0x11},
    883           {0x11},
    884          },
    885          
    886          
    887          { /* SmallFontn */
    888           {0x00},
    889           {0x00},
    890           {0x0D},
    891           {0x13},
    892           {0x11},
    893           {0x11},
    894           {0x11},
    895          },
    896          
    897          
    898          { /* SmallFonto */
    899           {0x00},
    900           {0x00},
    901           {0x0E},
    902           {0x11},
    903           {0x11},
    904           {0x11},
    905           {0x0E},
    906          },
    907          
    908          
    909          { /* SmallFontp */
    910           {0x00},
    911           {0x00},
    912           {0x0F},
    913           {0x11},
    914           {0x0F},
    915           {0x01},
    916           {0x01},
    917          },
    918          
    919          
    920          { /* SmallFontq */
    921           {0x00},
    922           {0x00},
    923           {0x16},
    924           {0x19},
    925           {0x1E},
    926           {0x10},
    927           {0x10},
    928          },
    929          
    930          
    931          { /* SmallFontr */
    932           {0x00},
    933           {0x00},
    934           {0x0D},
    935           {0x13},
    936           {0x01},
    937           {0x01},
    938           {0x01},
    939          },
    940          
    941          
    942          { /* SmallFonts */
    943           {0x00},
    944           {0x00},
    945           {0x0E},
    946           {0x01},
    947           {0x0E},
    948           {0x10},
    949           {0x0F},
    950          },
    951          
    952          
    953          { /* SmallFontt */
    954           {0x02},
    955           {0x02},
    956           {0x07},
    957           {0x02},
    958           {0x02},
    959           {0x12},
    960           {0x0C},
    961          },
    962          
    963          
    964          { /* SmallFontu */
    965           {0x00},
    966           {0x00},
    967           {0x11},
    968           {0x11},
    969           {0x11},
    970           {0x19},
    971           {0x16},
    972          },
    973          
    974          
    975          { /* SmallFontv */
    976           {0x00},
    977           {0x00},
    978           {0x11},
    979           {0x11},
    980           {0x11},
    981           {0x0A},
    982           {0x04},
    983          },
    984          
    985          
    986          { /* SmallFontw */
    987           {0x00},
    988           {0x00},
    989           {0x11},
    990           {0x11},
    991           {0x11},
    992           {0x15},
    993           {0x0A},
    994          },
    995          
    996          
    997          { /* SmallFontx */
    998           {0x00},
    999           {0x00},
   1000           {0x11},
   1001           {0x0A},
   1002           {0x04},
   1003           {0x0A},
   1004           {0x11},
   1005          },
   1006          
   1007          
   1008          { /* SmallFonty */
   1009           {0x00},
   1010           {0x00},
   1011           {0x11},
   1012           {0x11},
   1013           {0x1E},
   1014           {0x10},
   1015           {0x0E},
   1016          },
   1017          
   1018          
   1019          { /* SmallFontz */
   1020           {0x00},
   1021           {0x00},
   1022           {0x1F},
   1023           {0x08},
   1024           {0x04},
   1025           {0x02},
   1026           {0x1F},
   1027          },
   1028          
   1029          
   1030          { /* SmallFontLeftbrace */
   1031           {0x08},
   1032           {0x04},
   1033           {0x04},
   1034           {0x02},
   1035           {0x04},
   1036           {0x04},
   1037           {0x08},
   1038          },
   1039          
   1040          
   1041          { /* SmallFontPipe */
   1042           {0x04},
   1043           {0x04},
   1044           {0x04},
   1045           {0x04},
   1046           {0x04},
   1047           {0x04},
   1048           {0x04},
   1049          },
   1050          
   1051          
   1052          { /* SmallFontRightbrace */
   1053           {0x02},
   1054           {0x04},
   1055           {0x04},
   1056           {0x08},
   1057           {0x04},
   1058           {0x04},
   1059           {0x02},
   1060          },
   1061          
   1062          
   1063          { /* SmallFontTilda */
   1064           {0x12},
   1065           {0x15},
   1066           {0x09},
   1067           {0x00},
   1068           {0x00},
   1069           {0x00},
   1070           {0x00},
   1071          },
   1072          
   1073          
   1074          { /* SmallFontBlack */
   1075           {0x1F},
   1076           {0x1F},
   1077           {0x1F},
   1078           {0x1F},
   1079           {0x1F},
   1080           {0x1F},
   1081           {0x1F},
   1082          }
   1083          
   1084          };
   1085            
   1086          /*******************************************************************************
   1087          * Single Color Big Font Character Bitmaps                                  %%%%%
   1088          *******************************************************************************/
   1089          
   1090          /* Big fonts are indexed by their ASCII values.  Only digits 0 - 9 are included
   1091          at this time. */
   1092          

   \                                 In section .rodata, align 4
   1093          const u8 G_aau8BigFonts[][LCD_BIG_FONT_ROWS][LCD_BIG_FONT_COLUMN_BYTES] = 
   \                     G_aau8BigFonts:
   \   00000000   0xFF 0x03          DC8 255, 3, 255, 3, 3, 3, 3, 3, 3, 3, 3, 3, 3, 3, 3, 3, 3, 3, 3, 3, 3
   \              0xFF 0x03    
   \              0x03 0x03    
   \              0x03 0x03    
   \              0x03 0x03    
   \              0x03 0x03    
   \              0x03 0x03    
   \              0x03 0x03    
   \              0x03 0x03    
   \              0x03 0x03    
   \              0x03         
   \   00000015   0x03 0x03          DC8 3, 3, 3, 255, 3, 255, 3, 48, 0, 48, 0, 48, 0, 48, 0, 48, 0, 48, 0
   \              0x03 0xFF    
   \              0x03 0xFF    
   \              0x03 0x30    
   \              0x00 0x30    
   \              0x00 0x30    
   \              0x00 0x30    
   \              0x00 0x30    
   \              0x00 0x30    
   \              0x00         
   \   00000028   0x30 0x00          DC8 48, 0, 48, 0, 48, 0, 48, 0, 48, 0, 48, 0, 48, 0, 48, 0, 255, 3, 255
   \              0x30 0x00    
   \              0x30 0x00    
   \              0x30 0x00    
   \              0x30 0x00    
   \              0x30 0x00    
   \              0x30 0x00    
   \              0x30 0x00    
   \              0xFF 0x03    
   \              0xFF         
   \   0000003B   0x03 0x00          DC8 3, 0, 3, 0, 3, 0, 3, 0, 3, 255, 3, 255, 3, 3, 0, 3, 0, 3, 0, 3, 0
   \              0x03 0x00    
   \              0x03 0x00    
   \              0x03 0x00    
   \              0x03 0xFF    
   \              0x03 0xFF    
   \              0x03 0x03    
   \              0x00 0x03    
   \              0x00 0x03    
   \              0x00 0x03    
   \              0x00         
   \   00000050   0xFF 0x03          DC8 255, 3, 255, 3, 255, 3, 255, 3, 0, 3, 0, 3, 0, 3, 0, 3, 252, 3, 252
   \              0xFF 0x03    
   \              0xFF 0x03    
   \              0xFF 0x03    
   \              0x00 0x03    
   \              0x00 0x03    
   \              0x00 0x03    
   \              0x00 0x03    
   \              0xFC 0x03    
   \              0xFC         
   \   00000063   0x03 0x00          DC8 3, 0, 3, 0, 3, 0, 3, 0, 3, 255, 3, 255, 3, 3, 0, 3, 0, 195, 0, 195
   \              0x03 0x00    
   \              0x03 0x00    
   \              0x03 0x00    
   \              0x03 0xFF    
   \              0x03 0xFF    
   \              0x03 0x03    
   \              0x00 0x03    
   \              0x00 0xC3    
   \              0x00 0xC3    
   \   00000077   0x00 0xC3          DC8 0, 195, 0, 195, 0, 255, 3, 255, 3, 192, 0, 192, 0, 192, 0, 192, 0
   \              0x00 0xC3    
   \              0x00 0xFF    
   \              0x03 0xFF    
   \              0x03 0xC0    
   \              0x00 0xC0    
   \              0x00 0xC0    
   \              0x00 0xC0    
   \              0x00         
   \   00000088   0xC0 0x00          DC8 192, 0, 192, 0, 255, 3, 255, 3, 3, 0, 3, 0, 3, 0, 3, 0, 255, 3, 255
   \              0xC0 0x00    
   \              0xFF 0x03    
   \              0xFF 0x03    
   \              0x03 0x00    
   \              0x03 0x00    
   \              0x03 0x00    
   \              0x03 0x00    
   \              0xFF 0x03    
   \              0xFF         
   \   0000009B   0x03 0x00          DC8 3, 0, 3, 0, 3, 0, 3, 0, 3, 255, 3, 255, 3, 3, 0, 3, 0, 3, 0, 3, 0
   \              0x03 0x00    
   \              0x03 0x00    
   \              0x03 0x00    
   \              0x03 0xFF    
   \              0x03 0xFF    
   \              0x03 0x03    
   \              0x00 0x03    
   \              0x00 0x03    
   \              0x00 0x03    
   \              0x00         
   \   000000B0   0x03 0x00          DC8 3, 0, 3, 0, 255, 3, 255, 3, 3, 3, 3, 3, 3, 3, 3, 3, 255, 3, 255, 3
   \              0x03 0x00    
   \              0xFF 0x03    
   \              0xFF 0x03    
   \              0x03 0x03    
   \              0x03 0x03    
   \              0x03 0x03    
   \              0x03 0x03    
   \              0xFF 0x03    
   \              0xFF 0x03    
   \   000000C4   0xFF 0x03          DC8 255, 3, 255, 3, 0, 3, 0, 3, 0, 3, 0, 3, 0, 3, 0, 3, 0, 3, 0, 3, 0
   \              0xFF 0x03    
   \              0x00 0x03    
   \              0x00 0x03    
   \              0x00 0x03    
   \              0x00 0x03    
   \              0x00 0x03    
   \              0x00 0x03    
   \              0x00 0x03    
   \              0x00 0x03    
   \              0x00         
   \   000000D9   0x03 0x00          DC8 3, 0, 3, 0, 3, 0, 3, 255, 3, 255, 3, 3, 3, 3, 3, 3, 3, 3, 3, 255, 3
   \              0x03 0x00    
   \              0x03 0x00    
   \              0x03 0xFF    
   \              0x03 0xFF    
   \              0x03 0x03    
   \              0x03 0x03    
   \              0x03 0x03    
   \              0x03 0x03    
   \              0x03 0xFF    
   \              0x03         
   \   000000EE   0xFF 0x03          DC8 255, 3, 3, 3, 3, 3, 3, 3, 3, 3, 255, 3, 255, 3, 255, 3, 255, 3, 3
   \              0x03 0x03    
   \              0x03 0x03    
   \              0x03 0x03    
   \              0x03 0x03    
   \              0xFF 0x03    
   \              0xFF 0x03    
   \              0xFF 0x03    
   \              0xFF 0x03    
   \              0x03         
   \   00000101   0x03 0x03          DC8 3, 3, 3, 3, 3, 3, 3, 255, 3, 255, 3, 0, 3, 0, 3, 0, 3, 0, 3, 0, 3
   \              0x03 0x03    
   \              0x03 0x03    
   \              0x03 0xFF    
   \              0x03 0xFF    
   \              0x03 0x00    
   \              0x03 0x00    
   \              0x03 0x00    
   \              0x03 0x00    
   \              0x03 0x00    
   \              0x03         
   \   00000116   0x00 0x03          DC8 0, 3
   1094          {
   1095          { /* BigFont0 */
   1096          {0xFF, 0x03},
   1097          {0xFF, 0x03},
   1098          {0x03, 0x03},
   1099          {0x03, 0x03},
   1100          {0x03, 0x03},
   1101          {0x03, 0x03},
   1102          {0x03, 0x03},
   1103          {0x03, 0x03},
   1104          {0x03, 0x03},
   1105          {0x03, 0x03},
   1106          {0x03, 0x03},
   1107          {0x03, 0x03},
   1108          {0xFF, 0x03},
   1109          {0xFF, 0x03},
   1110          },
   1111          
   1112          
   1113          { /* BigFont1 */
   1114          {0x30, 0x00},
   1115          {0x30, 0x00},
   1116          {0x30, 0x00},
   1117          {0x30, 0x00},
   1118          {0x30, 0x00},
   1119          {0x30, 0x00},
   1120          {0x30, 0x00},
   1121          {0x30, 0x00},
   1122          {0x30, 0x00},
   1123          {0x30, 0x00},
   1124          {0x30, 0x00},
   1125          {0x30, 0x00},
   1126          {0x30, 0x00},
   1127          {0x30, 0x00},
   1128          },
   1129          
   1130          
   1131          { /* BigFont2 */
   1132          {0xFF, 0x03},
   1133          {0xFF, 0x03},
   1134          {0x00, 0x03},
   1135          {0x00, 0x03},
   1136          {0x00, 0x03},
   1137          {0x00, 0x03},
   1138          {0xFF, 0x03},
   1139          {0xFF, 0x03},
   1140          {0x03, 0x00},
   1141          {0x03, 0x00},
   1142          {0x03, 0x00},
   1143          {0x03, 0x00},
   1144          {0xFF, 0x03},
   1145          {0xFF, 0x03},
   1146          },
   1147          
   1148          
   1149          { /* BigFont3 */
   1150          {0xFF, 0x03},
   1151          {0xFF, 0x03},
   1152          {0x00, 0x03},
   1153          {0x00, 0x03},
   1154          {0x00, 0x03},
   1155          {0x00, 0x03},
   1156          {0xFC, 0x03},
   1157          {0xFC, 0x03},
   1158          {0x00, 0x03},
   1159          {0x00, 0x03},
   1160          {0x00, 0x03},
   1161          {0x00, 0x03},
   1162          {0xFF, 0x03},
   1163          {0xFF, 0x03},
   1164          },
   1165          
   1166          
   1167          { /* BigFont4 */
   1168          {0x03, 0x00},
   1169          {0x03, 0x00},
   1170          {0xC3, 0x00},
   1171          {0xC3, 0x00},
   1172          {0xC3, 0x00},
   1173          {0xC3, 0x00},
   1174          {0xFF, 0x03},
   1175          {0xFF, 0x03},
   1176          {0xC0, 0x00},
   1177          {0xC0, 0x00},
   1178          {0xC0, 0x00},
   1179          {0xC0, 0x00},
   1180          {0xC0, 0x00},
   1181          {0xC0, 0x00},
   1182          },
   1183          
   1184          
   1185          { /* BigFont5 */
   1186          {0xFF, 0x03},
   1187          {0xFF, 0x03},
   1188          {0x03, 0x00},
   1189          {0x03, 0x00},
   1190          {0x03, 0x00},
   1191          {0x03, 0x00},
   1192          {0xFF, 0x03},
   1193          {0xFF, 0x03},
   1194          {0x00, 0x03},
   1195          {0x00, 0x03},
   1196          {0x00, 0x03},
   1197          {0x00, 0x03},
   1198          {0xFF, 0x03},
   1199          {0xFF, 0x03},
   1200          },
   1201          
   1202          
   1203          { /* BigFont6 */
   1204          {0x03, 0x00},
   1205          {0x03, 0x00},
   1206          {0x03, 0x00},
   1207          {0x03, 0x00},
   1208          {0x03, 0x00},
   1209          {0x03, 0x00},
   1210          {0xFF, 0x03},
   1211          {0xFF, 0x03},
   1212          {0x03, 0x03},
   1213          {0x03, 0x03},
   1214          {0x03, 0x03},
   1215          {0x03, 0x03},
   1216          {0xFF, 0x03},
   1217          {0xFF, 0x03},
   1218          },
   1219          
   1220          
   1221          { /* BigFont7 */
   1222          {0xFF, 0x03},
   1223          {0xFF, 0x03},
   1224          {0x00, 0x03},
   1225          {0x00, 0x03},
   1226          {0x00, 0x03},
   1227          {0x00, 0x03},
   1228          {0x00, 0x03},
   1229          {0x00, 0x03},
   1230          {0x00, 0x03},
   1231          {0x00, 0x03},
   1232          {0x00, 0x03},
   1233          {0x00, 0x03},
   1234          {0x00, 0x03},
   1235          {0x00, 0x03},
   1236          },
   1237          
   1238          
   1239          { /* BigFont8 */
   1240          {0xFF, 0x03},
   1241          {0xFF, 0x03},
   1242          {0x03, 0x03},
   1243          {0x03, 0x03},
   1244          {0x03, 0x03},
   1245          {0x03, 0x03},
   1246          {0xFF, 0x03},
   1247          {0xFF, 0x03},
   1248          {0x03, 0x03},
   1249          {0x03, 0x03},
   1250          {0x03, 0x03},
   1251          {0x03, 0x03},
   1252          {0xFF, 0x03},
   1253          {0xFF, 0x03},
   1254          },
   1255          
   1256          
   1257          { /* BigFont9 */
   1258          {0xFF, 0x03},
   1259          {0xFF, 0x03},
   1260          {0x03, 0x03},
   1261          {0x03, 0x03},
   1262          {0x03, 0x03},
   1263          {0x03, 0x03},
   1264          {0xFF, 0x03},
   1265          {0xFF, 0x03},
   1266          {0x00, 0x03},
   1267          {0x00, 0x03},
   1268          {0x00, 0x03},
   1269          {0x00, 0x03},
   1270          {0x00, 0x03},
   1271          {0x00, 0x03},
   1272          },
   1273          
   1274          
   1275          };
   1276          

   \                                 In section .rodata, align 4
   1277          const u8 aau8EngenuicsLogoBlack[LCD_IMAGE_ROW_SIZE_50PX][LCD_IMAGE_COL_BYTES_50PX] = {
   \                     aau8EngenuicsLogoBlack:
   \   00000000   0xFF 0xFF          DC8 255, 255, 255, 255, 255, 255, 3, 255, 255, 255, 255, 255, 255, 3
   \              0xFF 0xFF    
   \              0xFF 0xFF    
   \              0x03 0xFF    
   \              0xFF 0xFF    
   \              0xFF 0xFF    
   \              0xFF 0x03    
   \   0000000E   0xFF 0xFF          DC8 255, 255, 255, 255, 255, 255, 3, 255, 255, 255, 255, 255, 255, 3
   \              0xFF 0xFF    
   \              0xFF 0xFF    
   \              0x03 0xFF    
   \              0xFF 0xFF    
   \              0xFF 0xFF    
   \              0xFF 0x03    
   \   0000001C   0xFF 0xFF          DC8 255, 255, 255, 255, 255, 255, 3, 255, 255, 255, 255, 255, 255, 3
   \              0xFF 0xFF    
   \              0xFF 0xFF    
   \              0x03 0xFF    
   \              0xFF 0xFF    
   \              0xFF 0xFF    
   \              0xFF 0x03    
   \   0000002A   0xFF 0xFF          DC8 255, 255, 255, 255, 255, 255, 3, 255, 255, 255, 255, 240, 255, 3
   \              0xFF 0xFF    
   \              0xFF 0xFF    
   \              0x03 0xFF    
   \              0xFF 0xFF    
   \              0xFF 0xF0    
   \              0xFF 0x03    
   \   00000038   0xFF 0xFF          DC8 255, 255, 255, 127, 224, 255, 3, 255, 15, 0, 0, 198, 255, 3, 255
   \              0xFF 0x7F    
   \              0xE0 0xFF    
   \              0x03 0xFF    
   \              0x0F 0x00    
   \              0x00 0xC6    
   \              0xFF 0x03    
   \              0xFF         
   \   00000047   0x0F 0x00          DC8 15, 0, 0, 207, 255, 3, 255, 15, 0, 0, 207, 255, 3, 255, 15, 0, 0
   \              0x00 0xCF    
   \              0xFF 0x03    
   \              0xFF 0x0F    
   \              0x00 0x00    
   \              0xCF 0xFF    
   \              0x03 0xFF    
   \              0x0F 0x00    
   \              0x00         
   \   00000058   0xC6 0xFF          DC8 198, 255, 3, 255, 15, 255, 127, 224, 255, 3, 255, 15, 255, 255, 240
   \              0x03 0xFF    
   \              0x0F 0xFF    
   \              0x7F 0xE0    
   \              0xFF 0x03    
   \              0xFF 0x0F    
   \              0xFF 0xFF    
   \              0xF0         
   \   00000067   0xFF 0x03          DC8 255, 3, 255, 15, 255, 255, 255, 255, 3, 255, 15, 255, 255, 255, 255
   \              0xFF 0x0F    
   \              0xFF 0xFF    
   \              0xFF 0xFF    
   \              0x03 0xFF    
   \              0x0F 0xFF    
   \              0xFF 0xFF    
   \              0xFF         
   \   00000076   0x03 0xFF          DC8 3, 255, 15, 255, 255, 255, 255, 3, 255, 15, 255, 255, 255, 255, 3
   \              0x0F 0xFF    
   \              0xFF 0xFF    
   \              0xFF 0x03    
   \              0xFF 0x0F    
   \              0xFF 0xFF    
   \              0xFF 0xFF    
   \              0x03         
   \   00000085   0xFF 0x0F          DC8 255, 15, 255, 255, 255, 255, 3, 255, 15, 255, 255, 240, 255, 3, 255
   \              0xFF 0xFF    
   \              0xFF 0xFF    
   \              0x03 0xFF    
   \              0x0F 0xFF    
   \              0xFF 0xF0    
   \              0xFF 0x03    
   \              0xFF         
   \   00000094   0x0F 0xFF          DC8 15, 255, 127, 224, 255, 3, 255, 15, 0, 0, 198, 255, 3, 255, 15, 0
   \              0x7F 0xE0    
   \              0xFF 0x03    
   \              0xFF 0x0F    
   \              0x00 0x00    
   \              0xC6 0xFF    
   \              0x03 0xFF    
   \              0x0F 0x00    
   \   000000A4   0x00 0xCF          DC8 0, 207, 255, 3, 255, 15, 0, 0, 207, 255, 3, 255, 15, 0, 0, 198, 255
   \              0xFF 0x03    
   \              0xFF 0x0F    
   \              0x00 0x00    
   \              0xCF 0xFF    
   \              0x03 0xFF    
   \              0x0F 0x00    
   \              0x00 0xC6    
   \              0xFF         
   \   000000B5   0x03 0xFF          DC8 3, 255, 15, 255, 127, 224, 255, 3, 255, 15, 255, 255, 240, 255, 3
   \              0x0F 0xFF    
   \              0x7F 0xE0    
   \              0xFF 0x03    
   \              0xFF 0x0F    
   \              0xFF 0xFF    
   \              0xF0 0xFF    
   \              0x03         
   \   000000C4   0xFF 0x0F          DC8 255, 15, 255, 255, 255, 255, 3, 255, 15, 255, 255, 255, 255, 3, 255
   \              0xFF 0xFF    
   \              0xFF 0xFF    
   \              0x03 0xFF    
   \              0x0F 0xFF    
   \              0xFF 0xFF    
   \              0xFF 0x03    
   \              0xFF         
   \   000000D3   0x0F 0xFF          DC8 15, 255, 255, 255, 255, 3, 255, 15, 255, 255, 255, 255, 3, 255, 15
   \              0xFF 0xFF    
   \              0xFF 0x03    
   \              0xFF 0x0F    
   \              0xFF 0xFF    
   \              0xFF 0xFF    
   \              0x03 0xFF    
   \              0x0F         
   \   000000E2   0xFF 0xFF          DC8 255, 255, 255, 255, 3, 255, 15, 255, 255, 255, 255, 3, 255, 15, 255
   \              0xFF 0xFF    
   \              0x03 0xFF    
   \              0x0F 0xFF    
   \              0xFF 0xFF    
   \              0xFF 0x03    
   \              0xFF 0x0F    
   \              0xFF         
   \   000000F1   0xFF 0xF0          DC8 255, 240, 255, 3, 255, 15, 255, 127, 224, 255, 3, 255, 15, 0, 0
   \              0xFF 0x03    
   \              0xFF 0x0F    
   \              0xFF 0x7F    
   \              0xE0 0xFF    
   \              0x03 0xFF    
   \              0x0F 0x00    
   \              0x00         
   \   00000100   0xC6 0xFF          DC8 198, 255, 3, 255, 15, 0, 0, 207, 255, 3, 255, 15, 0, 0, 207, 255, 3
   \              0x03 0xFF    
   \              0x0F 0x00    
   \              0x00 0xCF    
   \              0xFF 0x03    
   \              0xFF 0x0F    
   \              0x00 0x00    
   \              0xCF 0xFF    
   \              0x03         
   \   00000111   0xFF 0x0F          DC8 255, 15, 0, 0, 198, 255, 3, 255, 255, 255, 127, 224, 255, 3, 255
   \              0x00 0x00    
   \              0xC6 0xFF    
   \              0x03 0xFF    
   \              0xFF 0xFF    
   \              0x7F 0xE0    
   \              0xFF 0x03    
   \              0xFF         
   \   00000120   0xFF 0xFF          DC8 255, 255, 255, 240, 255, 3, 255, 255, 255, 255, 255, 255, 3, 255
   \              0xFF 0xF0    
   \              0xFF 0x03    
   \              0xFF 0xFF    
   \              0xFF 0xFF    
   \              0xFF 0xFF    
   \              0x03 0xFF    
   \   0000012E   0xFF 0xFF          DC8 255, 255, 255, 255, 255, 3, 255, 255, 255, 255, 255, 255, 3, 255
   \              0xFF 0xFF    
   \              0xFF 0x03    
   \              0xFF 0xFF    
   \              0xFF 0xFF    
   \              0xFF 0xFF    
   \              0x03 0xFF    
   \   0000013C   0xFF 0xFF          DC8 255, 255, 255, 255, 255, 3, 255, 255, 255, 255, 255, 255, 3, 255
   \              0xFF 0xFF    
   \              0xFF 0x03    
   \              0xFF 0xFF    
   \              0xFF 0xFF    
   \              0xFF 0xFF    
   \              0x03 0xFF    
   \   0000014A   0xFF 0xFF          DC8 255, 255, 255, 255, 255, 3, 255, 255, 255, 255, 255, 255, 3, 255
   \              0xFF 0xFF    
   \              0xFF 0x03    
   \              0xFF 0xFF    
   \              0xFF 0xFF    
   \              0xFF 0xFF    
   \              0x03 0xFF    
   \   00000158   0xFF 0xFF          DC8 255, 255, 255, 255, 255, 3, 0, 0
   \              0xFF 0xFF    
   \              0xFF 0x03    
   \              0x00 0x00    
   1278          {0xFF, 0xFF, 0xFF, 0xFF, 0xFF, 0xFF, 0x03},
   1279          {0xFF, 0xFF, 0xFF, 0xFF, 0xFF, 0xFF, 0x03},
   1280          {0xFF, 0xFF, 0xFF, 0xFF, 0xFF, 0xFF, 0x03},
   1281          {0xFF, 0xFF, 0xFF, 0xFF, 0xFF, 0xFF, 0x03},
   1282          {0xFF, 0xFF, 0xFF, 0xFF, 0xFF, 0xFF, 0x03},
   1283          {0xFF, 0xFF, 0xFF, 0xFF, 0xFF, 0xFF, 0x03},
   1284          {0xFF, 0xFF, 0xFF, 0xFF, 0xFF, 0xFF, 0x03},
   1285          {0xFF, 0xFF, 0xFF, 0xFF, 0xF0, 0xFF, 0x03},
   1286          {0xFF, 0xFF, 0xFF, 0x7F, 0xE0, 0xFF, 0x03},
   1287          {0xFF, 0x0F, 0x00, 0x00, 0xC6, 0xFF, 0x03},
   1288          {0xFF, 0x0F, 0x00, 0x00, 0xCF, 0xFF, 0x03},
   1289          {0xFF, 0x0F, 0x00, 0x00, 0xCF, 0xFF, 0x03},
   1290          {0xFF, 0x0F, 0x00, 0x00, 0xC6, 0xFF, 0x03},
   1291          {0xFF, 0x0F, 0xFF, 0x7F, 0xE0, 0xFF, 0x03},
   1292          {0xFF, 0x0F, 0xFF, 0xFF, 0xF0, 0xFF, 0x03},
   1293          {0xFF, 0x0F, 0xFF, 0xFF, 0xFF, 0xFF, 0x03},
   1294          {0xFF, 0x0F, 0xFF, 0xFF, 0xFF, 0xFF, 0x03},
   1295          {0xFF, 0x0F, 0xFF, 0xFF, 0xFF, 0xFF, 0x03},
   1296          {0xFF, 0x0F, 0xFF, 0xFF, 0xFF, 0xFF, 0x03},
   1297          {0xFF, 0x0F, 0xFF, 0xFF, 0xFF, 0xFF, 0x03},
   1298          {0xFF, 0x0F, 0xFF, 0xFF, 0xF0, 0xFF, 0x03},
   1299          {0xFF, 0x0F, 0xFF, 0x7F, 0xE0, 0xFF, 0x03},
   1300          {0xFF, 0x0F, 0x00, 0x00, 0xC6, 0xFF, 0x03},
   1301          {0xFF, 0x0F, 0x00, 0x00, 0xCF, 0xFF, 0x03},
   1302          {0xFF, 0x0F, 0x00, 0x00, 0xCF, 0xFF, 0x03},
   1303          {0xFF, 0x0F, 0x00, 0x00, 0xC6, 0xFF, 0x03},
   1304          {0xFF, 0x0F, 0xFF, 0x7F, 0xE0, 0xFF, 0x03},
   1305          {0xFF, 0x0F, 0xFF, 0xFF, 0xF0, 0xFF, 0x03},
   1306          {0xFF, 0x0F, 0xFF, 0xFF, 0xFF, 0xFF, 0x03},
   1307          {0xFF, 0x0F, 0xFF, 0xFF, 0xFF, 0xFF, 0x03},
   1308          {0xFF, 0x0F, 0xFF, 0xFF, 0xFF, 0xFF, 0x03},
   1309          {0xFF, 0x0F, 0xFF, 0xFF, 0xFF, 0xFF, 0x03},
   1310          {0xFF, 0x0F, 0xFF, 0xFF, 0xFF, 0xFF, 0x03},
   1311          {0xFF, 0x0F, 0xFF, 0xFF, 0xFF, 0xFF, 0x03},
   1312          {0xFF, 0x0F, 0xFF, 0xFF, 0xF0, 0xFF, 0x03},
   1313          {0xFF, 0x0F, 0xFF, 0x7F, 0xE0, 0xFF, 0x03},
   1314          {0xFF, 0x0F, 0x00, 0x00, 0xC6, 0xFF, 0x03},
   1315          {0xFF, 0x0F, 0x00, 0x00, 0xCF, 0xFF, 0x03},
   1316          {0xFF, 0x0F, 0x00, 0x00, 0xCF, 0xFF, 0x03},
   1317          {0xFF, 0x0F, 0x00, 0x00, 0xC6, 0xFF, 0x03},
   1318          {0xFF, 0xFF, 0xFF, 0x7F, 0xE0, 0xFF, 0x03},
   1319          {0xFF, 0xFF, 0xFF, 0xFF, 0xF0, 0xFF, 0x03},
   1320          {0xFF, 0xFF, 0xFF, 0xFF, 0xFF, 0xFF, 0x03},
   1321          {0xFF, 0xFF, 0xFF, 0xFF, 0xFF, 0xFF, 0x03},
   1322          {0xFF, 0xFF, 0xFF, 0xFF, 0xFF, 0xFF, 0x03},
   1323          {0xFF, 0xFF, 0xFF, 0xFF, 0xFF, 0xFF, 0x03},
   1324          {0xFF, 0xFF, 0xFF, 0xFF, 0xFF, 0xFF, 0x03},
   1325          {0xFF, 0xFF, 0xFF, 0xFF, 0xFF, 0xFF, 0x03},
   1326          {0xFF, 0xFF, 0xFF, 0xFF, 0xFF, 0xFF, 0x03},
   1327          {0xFF, 0xFF, 0xFF, 0xFF, 0xFF, 0xFF, 0x03}
   1328          };
   1329          

   \                                 In section .rodata, align 4
   1330          const u8 aau8TestPosition[LCD_IMAGE_ROW_SIZE_50PX][LCD_IMAGE_COL_BYTES_50PX] = {
   \                     aau8TestPosition:
   \   00000000   0x0F 0x00          DC8 15, 0, 0, 0, 0, 192, 3, 1, 0, 0, 0, 0, 192, 3, 1, 0, 0, 0, 0, 192
   \              0x00 0x00    
   \              0x00 0xC0    
   \              0x03 0x01    
   \              0x00 0x00    
   \              0x00 0x00    
   \              0xC0 0x03    
   \              0x01 0x00    
   \              0x00 0x00    
   \              0x00 0xC0    
   \   00000014   0x03 0x01          DC8 3, 1, 0, 0, 0, 0, 192, 3, 0, 0, 0, 0, 0, 0, 0, 0, 0, 0, 0, 0, 0, 0
   \              0x00 0x00    
   \              0x00 0x00    
   \              0xC0 0x03    
   \              0x00 0x00    
   \              0x00 0x00    
   \              0x00 0x00    
   \              0x00 0x00    
   \              0x00 0x00    
   \              0x00 0x00    
   \              0x00 0x00    
   \   0000002A   0x00 0x00          DC8 0, 0, 0, 0, 0, 0, 0, 0, 0, 0, 0, 0, 0, 0, 0, 0, 0, 0, 0, 0, 0, 0, 0
   \              0x00 0x00    
   \              0x00 0x00    
   \              0x00 0x00    
   \              0x00 0x00    
   \              0x00 0x00    
   \              0x00 0x00    
   \              0x00 0x00    
   \              0x00 0x00    
   \              0x00 0x00    
   \              0x00 0x00    
   \              0x00         
   \   00000041   0x00 0x00          DC8 0, 0, 0, 0, 0, 0, 0, 0, 0, 0, 0, 0, 0, 0, 0, 0, 0, 0, 0, 0, 0, 0, 0
   \              0x00 0x00    
   \              0x00 0x00    
   \              0x00 0x00    
   \              0x00 0x00    
   \              0x00 0x00    
   \              0x00 0x00    
   \              0x00 0x00    
   \              0x00 0x00    
   \              0x00 0x00    
   \              0x00 0x00    
   \              0x00         
   \   00000058   0x00 0x00          DC8 0, 0, 0, 0, 0, 0, 0, 0, 0, 0, 0, 0, 0, 0, 0, 0, 0, 0, 0, 0, 0, 0, 0
   \              0x00 0x00    
   \              0x00 0x00    
   \              0x00 0x00    
   \              0x00 0x00    
   \              0x00 0x00    
   \              0x00 0x00    
   \              0x00 0x00    
   \              0x00 0x00    
   \              0x00 0x00    
   \              0x00 0x00    
   \              0x00         
   \   0000006F   0x00 0x00          DC8 0, 0, 0, 0, 0, 0, 0, 0, 0, 0, 0, 0, 0, 0, 0, 0, 0, 0, 0, 0, 0, 0, 0
   \              0x00 0x00    
   \              0x00 0x00    
   \              0x00 0x00    
   \              0x00 0x00    
   \              0x00 0x00    
   \              0x00 0x00    
   \              0x00 0x00    
   \              0x00 0x00    
   \              0x00 0x00    
   \              0x00 0x00    
   \              0x00         
   \   00000086   0x00 0x00          DC8 0, 0, 0, 0, 0, 0, 0, 0, 0, 0, 0, 0, 0, 0, 0, 0, 0, 0, 0, 0, 0, 0
   \              0x00 0x00    
   \              0x00 0x00    
   \              0x00 0x00    
   \              0x00 0x00    
   \              0x00 0x00    
   \              0x00 0x00    
   \              0x00 0x00    
   \              0x00 0x00    
   \              0x00 0x00    
   \              0x00 0x00    
   \   0000009C   0x40 0x08          DC8 64, 8, 0, 0, 0, 0, 0, 128, 4, 0, 0, 0, 0, 0, 0, 3, 0, 0, 0, 0, 0, 0
   \              0x00 0x00    
   \              0x00 0x00    
   \              0x00 0x80    
   \              0x04 0x00    
   \              0x00 0x00    
   \              0x00 0x00    
   \              0x00 0x03    
   \              0x00 0x00    
   \              0x00 0x00    
   \              0x00 0x00    
   \   000000B2   0x03 0x00          DC8 3, 0, 0, 0, 0, 0, 128, 4, 0, 0, 0, 0, 0, 64, 8, 0, 0, 0, 0, 0, 0, 0
   \              0x00 0x00    
   \              0x00 0x00    
   \              0x80 0x04    
   \              0x00 0x00    
   \              0x00 0x00    
   \              0x00 0x40    
   \              0x08 0x00    
   \              0x00 0x00    
   \              0x00 0x00    
   \              0x00 0x00    
   \   000000C8   0x00 0x00          DC8 0, 0, 0, 0, 0, 0, 0, 0, 0, 0, 0, 0, 0, 0, 0, 0, 0, 0, 0, 0, 0, 0, 0
   \              0x00 0x00    
   \              0x00 0x00    
   \              0x00 0x00    
   \              0x00 0x00    
   \              0x00 0x00    
   \              0x00 0x00    
   \              0x00 0x00    
   \              0x00 0x00    
   \              0x00 0x00    
   \              0x00 0x00    
   \              0x00         
   \   000000DF   0x00 0x00          DC8 0, 0, 0, 0, 0, 0, 0, 0, 0, 0, 0, 0, 0, 0, 0, 0, 0, 0, 0, 0, 0, 0, 0
   \              0x00 0x00    
   \              0x00 0x00    
   \              0x00 0x00    
   \              0x00 0x00    
   \              0x00 0x00    
   \              0x00 0x00    
   \              0x00 0x00    
   \              0x00 0x00    
   \              0x00 0x00    
   \              0x00 0x00    
   \              0x00         
   \   000000F6   0x00 0x00          DC8 0, 0, 0, 0, 0, 0, 0, 0, 0, 0, 0, 0, 0, 0, 0, 0, 0, 0, 0, 0, 0, 0, 0
   \              0x00 0x00    
   \              0x00 0x00    
   \              0x00 0x00    
   \              0x00 0x00    
   \              0x00 0x00    
   \              0x00 0x00    
   \              0x00 0x00    
   \              0x00 0x00    
   \              0x00 0x00    
   \              0x00 0x00    
   \              0x00         
   \   0000010D   0x00 0x00          DC8 0, 0, 0, 0, 0, 0, 0, 0, 0, 0, 0, 0, 0, 0, 0, 0, 0, 0, 0, 0, 0, 0, 0
   \              0x00 0x00    
   \              0x00 0x00    
   \              0x00 0x00    
   \              0x00 0x00    
   \              0x00 0x00    
   \              0x00 0x00    
   \              0x00 0x00    
   \              0x00 0x00    
   \              0x00 0x00    
   \              0x00 0x00    
   \              0x00         
   \   00000124   0x00 0x00          DC8 0, 0, 0, 0, 0, 0, 0, 0, 0, 0, 0, 0, 0, 0, 0, 0, 0, 0, 0, 0, 0, 0, 0
   \              0x00 0x00    
   \              0x00 0x00    
   \              0x00 0x00    
   \              0x00 0x00    
   \              0x00 0x00    
   \              0x00 0x00    
   \              0x00 0x00    
   \              0x00 0x00    
   \              0x00 0x00    
   \              0x00 0x00    
   \              0x00         
   \   0000013B   0x00 0x00          DC8 0, 0, 0, 0, 0, 0, 0, 8, 0, 0, 0, 0, 192, 3, 4, 0, 0, 0, 0, 64, 0, 2
   \              0x00 0x00    
   \              0x00 0x00    
   \              0x00 0x08    
   \              0x00 0x00    
   \              0x00 0x00    
   \              0xC0 0x03    
   \              0x04 0x00    
   \              0x00 0x00    
   \              0x00 0x40    
   \              0x00 0x02    
   \   00000151   0x00 0x00          DC8 0, 0, 0, 0, 64, 0, 1, 0, 0, 0, 0, 64, 2, 0, 0
   \              0x00 0x00    
   \              0x40 0x00    
   \              0x01 0x00    
   \              0x00 0x00    
   \              0x00 0x40    
   \              0x02 0x00    
   \              0x00         
   1331          {0x0F, 0x00, 0x00, 0x00, 0x00, 0xC0, 0x03},
   1332          {0x01, 0x00, 0x00, 0x00, 0x00, 0xC0, 0x03},
   1333          {0x01, 0x00, 0x00, 0x00, 0x00, 0xC0, 0x03},
   1334          {0x01, 0x00, 0x00, 0x00, 0x00, 0xC0, 0x03},
   1335          {0x00, 0x00, 0x00, 0x00, 0x00, 0x00, 0x00},
   1336          {0x00, 0x00, 0x00, 0x00, 0x00, 0x00, 0x00},
   1337          {0x00, 0x00, 0x00, 0x00, 0x00, 0x00, 0x00},
   1338          {0x00, 0x00, 0x00, 0x00, 0x00, 0x00, 0x00},
   1339          {0x00, 0x00, 0x00, 0x00, 0x00, 0x00, 0x00},
   1340          {0x00, 0x00, 0x00, 0x00, 0x00, 0x00, 0x00},
   1341          {0x00, 0x00, 0x00, 0x00, 0x00, 0x00, 0x00},
   1342          {0x00, 0x00, 0x00, 0x00, 0x00, 0x00, 0x00},
   1343          {0x00, 0x00, 0x00, 0x00, 0x00, 0x00, 0x00},
   1344          {0x00, 0x00, 0x00, 0x00, 0x00, 0x00, 0x00},
   1345          {0x00, 0x00, 0x00, 0x00, 0x00, 0x00, 0x00},
   1346          {0x00, 0x00, 0x00, 0x00, 0x00, 0x00, 0x00},
   1347          {0x00, 0x00, 0x00, 0x00, 0x00, 0x00, 0x00},
   1348          {0x00, 0x00, 0x00, 0x00, 0x00, 0x00, 0x00},
   1349          {0x00, 0x00, 0x00, 0x00, 0x00, 0x00, 0x00},
   1350          {0x00, 0x00, 0x00, 0x00, 0x00, 0x00, 0x00},
   1351          {0x00, 0x00, 0x00, 0x00, 0x00, 0x00, 0x00},
   1352          {0x00, 0x00, 0x00, 0x00, 0x00, 0x00, 0x00},
   1353          {0x00, 0x00, 0x40, 0x08, 0x00, 0x00, 0x00},
   1354          {0x00, 0x00, 0x80, 0x04, 0x00, 0x00, 0x00},
   1355          {0x00, 0x00, 0x00, 0x03, 0x00, 0x00, 0x00},
   1356          {0x00, 0x00, 0x00, 0x03, 0x00, 0x00, 0x00},
   1357          {0x00, 0x00, 0x80, 0x04, 0x00, 0x00, 0x00},
   1358          {0x00, 0x00, 0x40, 0x08, 0x00, 0x00, 0x00},
   1359          {0x00, 0x00, 0x00, 0x00, 0x00, 0x00, 0x00},
   1360          {0x00, 0x00, 0x00, 0x00, 0x00, 0x00, 0x00},
   1361          {0x00, 0x00, 0x00, 0x00, 0x00, 0x00, 0x00},
   1362          {0x00, 0x00, 0x00, 0x00, 0x00, 0x00, 0x00},
   1363          {0x00, 0x00, 0x00, 0x00, 0x00, 0x00, 0x00},
   1364          {0x00, 0x00, 0x00, 0x00, 0x00, 0x00, 0x00},
   1365          {0x00, 0x00, 0x00, 0x00, 0x00, 0x00, 0x00},
   1366          {0x00, 0x00, 0x00, 0x00, 0x00, 0x00, 0x00},
   1367          {0x00, 0x00, 0x00, 0x00, 0x00, 0x00, 0x00},
   1368          {0x00, 0x00, 0x00, 0x00, 0x00, 0x00, 0x00},
   1369          {0x00, 0x00, 0x00, 0x00, 0x00, 0x00, 0x00},
   1370          {0x00, 0x00, 0x00, 0x00, 0x00, 0x00, 0x00},
   1371          {0x00, 0x00, 0x00, 0x00, 0x00, 0x00, 0x00},
   1372          {0x00, 0x00, 0x00, 0x00, 0x00, 0x00, 0x00},
   1373          {0x00, 0x00, 0x00, 0x00, 0x00, 0x00, 0x00},
   1374          {0x00, 0x00, 0x00, 0x00, 0x00, 0x00, 0x00},
   1375          {0x00, 0x00, 0x00, 0x00, 0x00, 0x00, 0x00},
   1376          {0x00, 0x00, 0x00, 0x00, 0x00, 0x00, 0x00},
   1377          {0x08, 0x00, 0x00, 0x00, 0x00, 0xC0, 0x03},
   1378          {0x04, 0x00, 0x00, 0x00, 0x00, 0x40, 0x00},
   1379          {0x02, 0x00, 0x00, 0x00, 0x00, 0x40, 0x00},
   1380          {0x01, 0x00, 0x00, 0x00, 0x00, 0x40, 0x02}
   1381          };
   1382          
   1383          

   \                                 In section .rodata, align 4
   1384          const u8 aau8EngenuicsLogoBlackQ1[LCD_IMAGE_ROW_SIZE_25PX][LCD_IMAGE_COL_BYTES_25PX] = {
   \                     aau8EngenuicsLogoBlackQ1:
   \   00000000   0xFF 0xFF          DC8 255, 255, 255, 1, 255, 255, 255, 1, 255, 255, 255, 1, 255, 255, 255
   \              0xFF 0x01    
   \              0xFF 0xFF    
   \              0xFF 0x01    
   \              0xFF 0xFF    
   \              0xFF 0x01    
   \              0xFF 0xFF    
   \              0xFF         
   \   0000000F   0x01 0xFF          DC8 1, 255, 255, 255, 1, 255, 255, 255, 1, 255, 255, 255, 1, 255, 255
   \              0xFF 0xFF    
   \              0x01 0xFF    
   \              0xFF 0xFF    
   \              0x01 0xFF    
   \              0xFF 0xFF    
   \              0x01 0xFF    
   \              0xFF         
   \   0000001E   0xFF 0x01          DC8 255, 1, 255, 255, 255, 1, 255, 255, 255, 1, 255, 15, 0, 0, 255, 15
   \              0xFF 0xFF    
   \              0xFF 0x01    
   \              0xFF 0xFF    
   \              0xFF 0x01    
   \              0xFF 0x0F    
   \              0x00 0x00    
   \              0xFF 0x0F    
   \   0000002E   0x00 0x00          DC8 0, 0, 255, 15, 0, 0, 255, 15, 0, 0, 255, 15, 255, 1, 255, 15, 255
   \              0xFF 0x0F    
   \              0x00 0x00    
   \              0xFF 0x0F    
   \              0x00 0x00    
   \              0xFF 0x0F    
   \              0xFF 0x01    
   \              0xFF 0x0F    
   \              0xFF         
   \   0000003F   0x01 0xFF          DC8 1, 255, 15, 255, 1, 255, 15, 255, 1, 255, 15, 255, 1, 255, 15, 255
   \              0x0F 0xFF    
   \              0x01 0xFF    
   \              0x0F 0xFF    
   \              0x01 0xFF    
   \              0x0F 0xFF    
   \              0x01 0xFF    
   \              0x0F 0xFF    
   \   0000004F   0x01 0xFF          DC8 1, 255, 15, 255, 1, 255, 15, 255, 1, 255, 15, 255, 1, 255, 15, 0, 0
   \              0x0F 0xFF    
   \              0x01 0xFF    
   \              0x0F 0xFF    
   \              0x01 0xFF    
   \              0x0F 0xFF    
   \              0x01 0xFF    
   \              0x0F 0x00    
   \              0x00         
   \   00000060   0xFF 0x0F          DC8 255, 15, 0, 0
   \              0x00 0x00    
   1385          {0xFF, 0xFF, 0xFF, 0x01},
   1386          {0xFF, 0xFF, 0xFF, 0x01},
   1387          {0xFF, 0xFF, 0xFF, 0x01},
   1388          {0xFF, 0xFF, 0xFF, 0x01},
   1389          {0xFF, 0xFF, 0xFF, 0x01},
   1390          {0xFF, 0xFF, 0xFF, 0x01},
   1391          {0xFF, 0xFF, 0xFF, 0x01},
   1392          {0xFF, 0xFF, 0xFF, 0x01},
   1393          {0xFF, 0xFF, 0xFF, 0x01},
   1394          {0xFF, 0xFF, 0xFF, 0x01},
   1395          {0xFF, 0x0F, 0x00, 0x00},
   1396          {0xFF, 0x0F, 0x00, 0x00},
   1397          {0xFF, 0x0F, 0x00, 0x00},
   1398          {0xFF, 0x0F, 0x00, 0x00},
   1399          {0xFF, 0x0F, 0xFF, 0x01},
   1400          {0xFF, 0x0F, 0xFF, 0x01},
   1401          {0xFF, 0x0F, 0xFF, 0x01},
   1402          {0xFF, 0x0F, 0xFF, 0x01},
   1403          {0xFF, 0x0F, 0xFF, 0x01},
   1404          {0xFF, 0x0F, 0xFF, 0x01},
   1405          {0xFF, 0x0F, 0xFF, 0x01},
   1406          {0xFF, 0x0F, 0xFF, 0x01},
   1407          {0xFF, 0x0F, 0xFF, 0x01},
   1408          {0xFF, 0x0F, 0x00, 0x00},
   1409          {0xFF, 0x0F, 0x00, 0x00}
   1410          };
   1411          

   \                                 In section .rodata, align 4
   1412          const u8 aau8EngenuicsLogoBlackQ2[LCD_IMAGE_ROW_SIZE_25PX][LCD_IMAGE_COL_BYTES_25PX] = {
   \                     aau8EngenuicsLogoBlackQ2:
   \   00000000   0xFF 0xFF          DC8 255, 255, 255, 1, 255, 255, 255, 1, 255, 255, 255, 1, 255, 255, 255
   \              0xFF 0x01    
   \              0xFF 0xFF    
   \              0xFF 0x01    
   \              0xFF 0xFF    
   \              0xFF 0x01    
   \              0xFF 0xFF    
   \              0xFF         
   \   0000000F   0x01 0xFF          DC8 1, 255, 255, 255, 1, 255, 255, 255, 1, 255, 255, 255, 1, 255, 255
   \              0xFF 0xFF    
   \              0x01 0xFF    
   \              0xFF 0xFF    
   \              0x01 0xFF    
   \              0xFF 0xFF    
   \              0x01 0xFF    
   \              0xFF         
   \   0000001E   0xFF 0x01          DC8 255, 1, 127, 248, 255, 1, 63, 240, 255, 1, 0, 227, 255, 1, 128, 231
   \              0x7F 0xF8    
   \              0xFF 0x01    
   \              0x3F 0xF0    
   \              0xFF 0x01    
   \              0x00 0xE3    
   \              0xFF 0x01    
   \              0x80 0xE7    
   \   0000002E   0xFF 0x01          DC8 255, 1, 128, 231, 255, 1, 0, 227, 255, 1, 63, 240, 255, 1, 127, 248
   \              0x80 0xE7    
   \              0xFF 0x01    
   \              0x00 0xE3    
   \              0xFF 0x01    
   \              0x3F 0xF0    
   \              0xFF 0x01    
   \              0x7F 0xF8    
   \   0000003E   0xFF 0x01          DC8 255, 1, 255, 255, 255, 1, 255, 255, 255, 1, 255, 255, 255, 1, 255
   \              0xFF 0xFF    
   \              0xFF 0x01    
   \              0xFF 0xFF    
   \              0xFF 0x01    
   \              0xFF 0xFF    
   \              0xFF 0x01    
   \              0xFF         
   \   0000004D   0xFF 0xFF          DC8 255, 255, 1, 255, 255, 255, 1, 127, 248, 255, 1, 63, 240, 255, 1, 0
   \              0x01 0xFF    
   \              0xFF 0xFF    
   \              0x01 0x7F    
   \              0xF8 0xFF    
   \              0x01 0x3F    
   \              0xF0 0xFF    
   \              0x01 0x00    
   \   0000005D   0xE3 0xFF          DC8 227, 255, 1, 128, 231, 255, 1
   \              0x01 0x80    
   \              0xE7 0xFF    
   \              0x01         
   1413          {0xFF, 0xFF, 0xFF, 0x01},
   1414          {0xFF, 0xFF, 0xFF, 0x01},
   1415          {0xFF, 0xFF, 0xFF, 0x01},
   1416          {0xFF, 0xFF, 0xFF, 0x01},
   1417          {0xFF, 0xFF, 0xFF, 0x01},
   1418          {0xFF, 0xFF, 0xFF, 0x01},
   1419          {0xFF, 0xFF, 0xFF, 0x01},
   1420          {0xFF, 0xFF, 0xFF, 0x01},
   1421          {0x7F, 0xF8, 0xFF, 0x01},
   1422          {0x3F, 0xF0, 0xFF, 0x01},
   1423          {0x00, 0xE3, 0xFF, 0x01},
   1424          {0x80, 0xE7, 0xFF, 0x01},
   1425          {0x80, 0xE7, 0xFF, 0x01},
   1426          {0x00, 0xE3, 0xFF, 0x01},
   1427          {0x3F, 0xF0, 0xFF, 0x01},
   1428          {0x7F, 0xF8, 0xFF, 0x01},
   1429          {0xFF, 0xFF, 0xFF, 0x01},
   1430          {0xFF, 0xFF, 0xFF, 0x01},
   1431          {0xFF, 0xFF, 0xFF, 0x01},
   1432          {0xFF, 0xFF, 0xFF, 0x01},
   1433          {0xFF, 0xFF, 0xFF, 0x01},
   1434          {0x7F, 0xF8, 0xFF, 0x01},
   1435          {0x3F, 0xF0, 0xFF, 0x01},
   1436          {0x00, 0xE3, 0xFF, 0x01},
   1437          {0x80, 0xE7, 0xFF, 0x01}
   1438          };
   1439          
   1440          

   \                                 In section .rodata, align 4
   1441          const u8 aau8EngenuicsLogoBlackQ3[LCD_IMAGE_ROW_SIZE_25PX][LCD_IMAGE_COL_BYTES_25PX] = {
   \                     aau8EngenuicsLogoBlackQ3:
   \   00000000   0xFF 0x0F          DC8 255, 15, 0, 0, 255, 15, 0, 0, 255, 15, 255, 1, 255, 15, 255, 1, 255
   \              0x00 0x00    
   \              0xFF 0x0F    
   \              0x00 0x00    
   \              0xFF 0x0F    
   \              0xFF 0x01    
   \              0xFF 0x0F    
   \              0xFF 0x01    
   \              0xFF         
   \   00000011   0x0F 0xFF          DC8 15, 255, 1, 255, 15, 255, 1, 255, 15, 255, 1, 255, 15, 255, 1, 255
   \              0x01 0xFF    
   \              0x0F 0xFF    
   \              0x01 0xFF    
   \              0x0F 0xFF    
   \              0x01 0xFF    
   \              0x0F 0xFF    
   \              0x01 0xFF    
   \   00000021   0x0F 0xFF          DC8 15, 255, 1, 255, 15, 255, 1, 255, 15, 255, 1, 255, 15, 0, 0, 255
   \              0x01 0xFF    
   \              0x0F 0xFF    
   \              0x01 0xFF    
   \              0x0F 0xFF    
   \              0x01 0xFF    
   \              0x0F 0x00    
   \              0x00 0xFF    
   \   00000031   0x0F 0x00          DC8 15, 0, 0, 255, 15, 0, 0, 255, 15, 0, 0, 255, 255, 255, 1, 255, 255
   \              0x00 0xFF    
   \              0x0F 0x00    
   \              0x00 0xFF    
   \              0x0F 0x00    
   \              0x00 0xFF    
   \              0xFF 0xFF    
   \              0x01 0xFF    
   \              0xFF         
   \   00000042   0xFF 0x01          DC8 255, 1, 255, 255, 255, 1, 255, 255, 255, 1, 255, 255, 255, 1, 255
   \              0xFF 0xFF    
   \              0xFF 0x01    
   \              0xFF 0xFF    
   \              0xFF 0x01    
   \              0xFF 0xFF    
   \              0xFF 0x01    
   \              0xFF         
   \   00000051   0xFF 0xFF          DC8 255, 255, 1, 255, 255, 255, 1, 255, 255, 255, 1, 255, 255, 255, 1
   \              0x01 0xFF    
   \              0xFF 0xFF    
   \              0x01 0xFF    
   \              0xFF 0xFF    
   \              0x01 0xFF    
   \              0xFF 0xFF    
   \              0x01         
   \   00000060   0xFF 0xFF          DC8 255, 255, 255, 1
   \              0xFF 0x01    
   1442          {0xFF, 0x0F, 0x00, 0x00},
   1443          {0xFF, 0x0F, 0x00, 0x00},
   1444          {0xFF, 0x0F, 0xFF, 0x01},
   1445          {0xFF, 0x0F, 0xFF, 0x01},
   1446          {0xFF, 0x0F, 0xFF, 0x01},
   1447          {0xFF, 0x0F, 0xFF, 0x01},
   1448          {0xFF, 0x0F, 0xFF, 0x01},
   1449          {0xFF, 0x0F, 0xFF, 0x01},
   1450          {0xFF, 0x0F, 0xFF, 0x01},
   1451          {0xFF, 0x0F, 0xFF, 0x01},
   1452          {0xFF, 0x0F, 0xFF, 0x01},
   1453          {0xFF, 0x0F, 0x00, 0x00},
   1454          {0xFF, 0x0F, 0x00, 0x00},
   1455          {0xFF, 0x0F, 0x00, 0x00},
   1456          {0xFF, 0x0F, 0x00, 0x00},
   1457          {0xFF, 0xFF, 0xFF, 0x01},
   1458          {0xFF, 0xFF, 0xFF, 0x01},
   1459          {0xFF, 0xFF, 0xFF, 0x01},
   1460          {0xFF, 0xFF, 0xFF, 0x01},
   1461          {0xFF, 0xFF, 0xFF, 0x01},
   1462          {0xFF, 0xFF, 0xFF, 0x01},
   1463          {0xFF, 0xFF, 0xFF, 0x01},
   1464          {0xFF, 0xFF, 0xFF, 0x01},
   1465          {0xFF, 0xFF, 0xFF, 0x01},
   1466          {0xFF, 0xFF, 0xFF, 0x01}
   1467          };
   1468          
   1469          

   \                                 In section .rodata, align 4
   1470          const u8 aau8EngenuicsLogoBlackQ4[LCD_IMAGE_ROW_SIZE_25PX][LCD_IMAGE_COL_BYTES_25PX] = {
   \                     aau8EngenuicsLogoBlackQ4:
   \   00000000   0x80 0xE7          DC8 128, 231, 255, 1, 0, 227, 255, 1, 63, 240, 255, 1, 127, 248, 255, 1
   \              0xFF 0x01    
   \              0x00 0xE3    
   \              0xFF 0x01    
   \              0x3F 0xF0    
   \              0xFF 0x01    
   \              0x7F 0xF8    
   \              0xFF 0x01    
   \   00000010   0xFF 0xFF          DC8 255, 255, 255, 1, 255, 255, 255, 1, 255, 255, 255, 1, 255, 255, 255
   \              0xFF 0x01    
   \              0xFF 0xFF    
   \              0xFF 0x01    
   \              0xFF 0xFF    
   \              0xFF 0x01    
   \              0xFF 0xFF    
   \              0xFF         
   \   0000001F   0x01 0xFF          DC8 1, 255, 255, 255, 1, 127, 248, 255, 1, 63, 240, 255, 1, 0, 227, 255
   \              0xFF 0xFF    
   \              0x01 0x7F    
   \              0xF8 0xFF    
   \              0x01 0x3F    
   \              0xF0 0xFF    
   \              0x01 0x00    
   \              0xE3 0xFF    
   \   0000002F   0x01 0x80          DC8 1, 128, 231, 255, 1, 128, 231, 255, 1, 0, 227, 255, 1, 63, 240, 255
   \              0xE7 0xFF    
   \              0x01 0x80    
   \              0xE7 0xFF    
   \              0x01 0x00    
   \              0xE3 0xFF    
   \              0x01 0x3F    
   \              0xF0 0xFF    
   \   0000003F   0x01 0x7F          DC8 1, 127, 248, 255, 1, 255, 255, 255, 1, 255, 255, 255, 1, 255, 255
   \              0xF8 0xFF    
   \              0x01 0xFF    
   \              0xFF 0xFF    
   \              0x01 0xFF    
   \              0xFF 0xFF    
   \              0x01 0xFF    
   \              0xFF         
   \   0000004E   0xFF 0x01          DC8 255, 1, 255, 255, 255, 1, 255, 255, 255, 1, 255, 255, 255, 1, 255
   \              0xFF 0xFF    
   \              0xFF 0x01    
   \              0xFF 0xFF    
   \              0xFF 0x01    
   \              0xFF 0xFF    
   \              0xFF 0x01    
   \              0xFF         
   \   0000005D   0xFF 0xFF          DC8 255, 255, 1, 255, 255, 255, 1
   \              0x01 0xFF    
   \              0xFF 0xFF    
   \              0x01         
   1471          {0x80, 0xE7, 0xFF, 0x01},
   1472          {0x00, 0xE3, 0xFF, 0x01},
   1473          {0x3F, 0xF0, 0xFF, 0x01},
   1474          {0x7F, 0xF8, 0xFF, 0x01},
   1475          {0xFF, 0xFF, 0xFF, 0x01},
   1476          {0xFF, 0xFF, 0xFF, 0x01},
   1477          {0xFF, 0xFF, 0xFF, 0x01},
   1478          {0xFF, 0xFF, 0xFF, 0x01},
   1479          {0xFF, 0xFF, 0xFF, 0x01},
   1480          {0x7F, 0xF8, 0xFF, 0x01},
   1481          {0x3F, 0xF0, 0xFF, 0x01},
   1482          {0x00, 0xE3, 0xFF, 0x01},
   1483          {0x80, 0xE7, 0xFF, 0x01},
   1484          {0x80, 0xE7, 0xFF, 0x01},
   1485          {0x00, 0xE3, 0xFF, 0x01},
   1486          {0x3F, 0xF0, 0xFF, 0x01},
   1487          {0x7F, 0xF8, 0xFF, 0x01},
   1488          {0xFF, 0xFF, 0xFF, 0x01},
   1489          {0xFF, 0xFF, 0xFF, 0x01},
   1490          {0xFF, 0xFF, 0xFF, 0x01},
   1491          {0xFF, 0xFF, 0xFF, 0x01},
   1492          {0xFF, 0xFF, 0xFF, 0x01},
   1493          {0xFF, 0xFF, 0xFF, 0x01},
   1494          {0xFF, 0xFF, 0xFF, 0x01},
   1495          {0xFF, 0xFF, 0xFF, 0x01}
   1496          };
   1497          
   1498          

   \                                 In section .rodata, align 4
   1499          const u8 aau8PongBall[LCD_IMAGE_BALL_ROW_SIZE][LCD_IMAGE_BALL_COL_BYTES] = {
   \                     aau8PongBall:
   \   00000000   0x07 0x07          DC8 7, 7, 7, 0
   \              0x07 0x00    
   1500          {0x07},
   1501          {0x07},
   1502          {0x07},
   1503          };
   1504          
   1505          

   \                                 In section .rodata, align 4
   1506          const u8 aau8PongPaddleBottom[LCD_IMAGE_PADDLE_ROW_SIZE][LCD_IMAGE_PADDLE_COL_BYTES] = {
   \                     aau8PongPaddleBottom:
   \   00000000   0xFF 0x07          DC8 255, 7, 85, 5
   \              0x55 0x05    
   1507          {0xFF, 0x07},
   1508          {0x55, 0x05}
   1509          };
   1510          
   1511          

   \                                 In section .rodata, align 4
   1512          const u8 aau8PongPaddleTop[LCD_IMAGE_PADDLE_ROW_SIZE][LCD_IMAGE_PADDLE_COL_BYTES] = {
   \                     aau8PongPaddleTop:
   \   00000000   0x55 0x05          DC8 85, 5, 255, 7
   \              0xFF 0x07    
   1513          {0x55, 0x05},
   1514          {0xFF, 0x07}
   1515          };
   1516          
   1517          

   \                                 In section .rodata, align 4
   1518          const u8 aau8PlayerArrow[LCD_IMAGE_ARROW_ROW_SIZE][LCD_IMAGE_ARROW_COL_BYTES] = {
   \                     aau8PlayerArrow:
   \   00000000   0x01 0x03          DC8 1, 3, 7, 15, 31, 63, 63, 31, 15, 7, 3, 1
   \              0x07 0x0F    
   \              0x1F 0x3F    
   \              0x3F 0x1F    
   \              0x0F 0x07    
   \              0x03 0x01    
   1519          {0x01},
   1520          {0x03},
   1521          {0x07},
   1522          {0x0F},
   1523          {0x1F},
   1524          {0x3F},
   1525          {0x3F},
   1526          {0x1F},
   1527          {0x0F},
   1528          {0x07},
   1529          {0x03},
   1530          {0x01}
   1531          };
   1532          
   1533          
   1534          
   1535          //#endif /* __LCDBITMAPS_H */
   1536          
   1537          


   Section sizes:

   Bytes  Function/Label
   -----  --------------
     280  G_aau8BigFonts
     672  G_aau8SmallFonts
     352  aau8EngenuicsLogoBlack
     100  aau8EngenuicsLogoBlackQ1
     100  aau8EngenuicsLogoBlackQ2
     100  aau8EngenuicsLogoBlackQ3
     100  aau8EngenuicsLogoBlackQ4
      12  aau8PlayerArrow
       4  aau8PongBall
       4  aau8PongPaddleBottom
       4  aau8PongPaddleTop
     352  aau8TestPosition

 
 2 080 bytes in section .rodata
 
 2 080 bytes of CONST memory

Errors: none
Warnings: none
